{"datexec":"2021-06-05 14:41:32","user":"cgb","erreur":"0","message":"from: INCIDENT MO to: 2250103612783 sms: test ,,,SEND SMS ...","retour":[]}
{"datexec":"2021-06-05 14:41:32","user":"cgb","erreur":"0","message":"from: INCIDENT MO to: 2250103612783 sms: test ,,,SEND SMS ...","retour":[]}{"datexec":"2021-06-05 14:41:33","user":"cgb","erreur":"0","message":"","retour":{"bulkId":"BBG-BULK-ID-60bb8d18e20ff","from":"INCIDENT MO","text":"test","to":"2250103612783","statusGroupId":1,"statusGroupName":"PENDING","statusId":26,"statusName":"PENDING_ACCEPTED","statusDescription":"Message sent to next instance","messageId":"BBG-MSG-ID-60bb8d18e2125"}}
{"datexec":"2021-06-05 14:41:48","user":"cgb","erreur":"1","message":"Le message [test] a deja ete envoye au numero [2250103612783]","retour":[]}
{"datexec":"2021-06-05 14:42:34","user":"cgb","erreur":"0","message":"from: INCIDENT MO to: 2250103612783 sms: LE 05\/06\/21 11:53:17 L INTERFACE HOST_BANK (01) EST HORS SERVICE ,,,SEND SMS ...","retour":[]}
{"datexec":"2021-06-05 14:42:34","user":"cgb","erreur":"0","message":"from: INCIDENT MO to: 2250103612783 sms: LE 05\/06\/21 11:53:17 L INTERFACE HOST_BANK (01) EST HORS SERVICE ,,,SEND SMS ...","retour":[]}{"datexec":"2021-06-05 14:42:34","user":"cgb","erreur":"0","message":"","retour":{"bulkId":"BBG-BULK-ID-60bb8d55322b0","from":"INCIDENT MO","text":"LE 05\/06\/21 11:53:17 L INTERFACE HOST_BANK (01) EST HORS SERVICE","to":"2250103612783","statusGroupId":1,"statusGroupName":"PENDING","statusId":26,"statusName":"PENDING_ACCEPTED","statusDescription":"Message sent to next instance","messageId":"BBG-MSG-ID-60bb8d55322d9"}}
{"datexec":"2021-06-05 14:55:26","user":"cgb","erreur":"0","message":"from: INCIDENT MO to: 2250103612783 sms: LE 05\/06\/21 11:55:17 L INTERFACE HOST_BANK (01) EST HORS SERVICE ,,,SEND SMS ...","retour":[]}
{"datexec":"2021-06-05 14:55:26","user":"cgb","erreur":"0","message":"from: INCIDENT MO to: 2250103612783 sms: LE 05\/06\/21 11:55:17 L INTERFACE HOST_BANK (01) EST HORS SERVICE ,,,SEND SMS ...","retour":[]}{"datexec":"2021-06-05 14:55:27","user":"cgb","erreur":"0","message":"","retour":{"bulkId":"BBG-BULK-ID-60bb905ebaf16","from":"INCIDENT MO","text":"LE 05\/06\/21 11:55:17 L INTERFACE HOST_BANK (01) EST HORS SERVICE","to":"2250103612783","statusGroupId":1,"statusGroupName":"PENDING","statusId":26,"statusName":"PENDING_ACCEPTED","statusDescription":"Message sent to next instance","messageId":"BBG-MSG-ID-60bb905ebaf3a"}}
{"datexec":"2021-06-05 14:55:46","user":"cgb","erreur":"1","message":"Le message [LE 05\/06\/21 11:55:17 L INTERFACE HOST_BANK (01) EST HORS SERVICE] a deja ete envoye au numero [2250103612783]","retour":[]}
{"datexec":"2021-06-05 14:56:06","user":"cgb","erreur":"0","message":"from: INCIDENT MO to: 2250103612783 sms: LE 05\/06\/21 11:56:17 L INTERFACE HOST_BANK (01) EST HORS SERVICE ,,,interceptSMS...","retour":[]}<br />
<font size='1'><table class='xdebug-error xe-warning' dir='ltr' border='1' cellspacing='0' cellpadding='1'>
<tr><th align='left' bgcolor='#f57900' colspan="5"><span style='background-color: #cc0000; color: #fce94f; font-size: x-large;'>( ! )</span> Warning: file_put_contents(ws/rest/log/cgb_sendsms_2021_06_05.log): failed to open stream: No such file or directory in /var/www/html/sms/api/Fonction.php on line <i>137</i></th></tr>
<tr><th align='left' bgcolor='#e9b96e' colspan='5'>Call Stack</th></tr>
<tr><th align='center' bgcolor='#eeeeec'>#</th><th align='left' bgcolor='#eeeeec'>Time</th><th align='left' bgcolor='#eeeeec'>Memory</th><th align='left' bgcolor='#eeeeec'>Function</th><th align='left' bgcolor='#eeeeec'>Location</th></tr>
<tr><td bgcolor='#eeeeec' align='center'>1</td><td bgcolor='#eeeeec' align='center'>0.0027</td><td bgcolor='#eeeeec' align='right'>452952</td><td bgcolor='#eeeeec'>{main}(  )</td><td title='/var/www/html/sms/api/ws/rest/sendsms.php' bgcolor='#eeeeec'>.../sendsms.php<b>:</b>0</td></tr>
<tr><td bgcolor='#eeeeec' align='center'>2</td><td bgcolor='#eeeeec' align='center'>7.0159</td><td bgcolor='#eeeeec' align='right'>922320</td><td bgcolor='#eeeeec'>Fonction->retour_json_mo(  )</td><td title='/var/www/html/sms/api/ws/rest/sendsms.php' bgcolor='#eeeeec'>.../sendsms.php<b>:</b>160</td></tr>
<tr><td bgcolor='#eeeeec' align='center'>3</td><td bgcolor='#eeeeec' align='center'>7.0160</td><td bgcolor='#eeeeec' align='right'>923592</td><td bgcolor='#eeeeec'><a href='http://www.php.net/function.file-put-contents' target='_new'>file_put_contents</a>
(  )</td><td title='/var/www/html/sms/api/Fonction.php' bgcolor='#eeeeec'>.../Fonction.php<b>:</b>137</td></tr>
</table></font>
{"datexec":"2021-06-05 14:59:07","user":"cgb","erreur":"0","message":"","retour":{"bulkId":"BBG-BULK-ID-60bb90866c70b","from":"INCIDENT MO","text":"LE 05\/06\/21 11:56:17 L INTERFACE HOST_BANK (01) EST HORS SERVICE","to":"2250103612783","statusGroupId":1,"statusGroupName":"PENDING","statusId":26,"statusName":"PENDING_ACCEPTED","statusDescription":"Message sent to next instance","messageId":"BBG-MSG-ID-60bb90866c724"}}
{"datexec":"2021-06-05 14:59:35","user":"cgb","erreur":"0","message":"from: INCIDENT MO to: 2250103612783 sms: LE 05\/06\/21 11:57:17 L INTERFACE HOST_BANK (02) EST HORS SERVICE ,,,SEND SMS ...","retour":[]}
{"datexec":"2021-06-05 14:59:35","user":"cgb","erreur":"0","message":"from: INCIDENT MO to: 2250103612783 sms: LE 05\/06\/21 11:57:17 L INTERFACE HOST_BANK (02) EST HORS SERVICE ,,,SEND SMS ...","retour":[]}{"datexec":"2021-06-05 14:59:36","user":"cgb","erreur":"0","message":"","retour":{"bulkId":"BBG-BULK-ID-60bb915482040","from":"INCIDENT MO","text":"LE 05\/06\/21 11:57:17 L INTERFACE HOST_BANK (02) EST HORS SERVICE","to":"2250103612783","statusGroupId":1,"statusGroupName":"PENDING","statusId":26,"statusName":"PENDING_ACCEPTED","statusDescription":"Message sent to next instance","messageId":"BBG-MSG-ID-60bb91548206d"}}
{"datexec":"2021-06-05 14:59:54","user":"cgb","erreur":"0","message":"from: INCIDENT MO to: 2250103612783 sms: LE 05\/06\/21 11:57:17 L INTERFACE HOST_BANK (03) EST HORS SERVICE ,,,SEND SMS ...","retour":[]}
{"datexec":"2021-06-05 14:59:54","user":"cgb","erreur":"0","message":"from: INCIDENT MO to: 2250103612783 sms: LE 05\/06\/21 11:57:17 L INTERFACE HOST_BANK (03) EST HORS SERVICE ,,,SEND SMS ...","retour":[]}{"datexec":"2021-06-05 14:59:54","user":"cgb","erreur":"0","message":"","retour":{"bulkId":"BBG-BULK-ID-60bb916302d3b","from":"INCIDENT MO","text":"LE 05\/06\/21 11:57:17 L INTERFACE HOST_BANK (03) EST HORS SERVICE","to":"2250103612783","statusGroupId":1,"statusGroupName":"PENDING","statusId":26,"statusName":"PENDING_ACCEPTED","statusDescription":"Message sent to next instance","messageId":"BBG-MSG-ID-60bb916302d60"}}
{"datexec":"2021-06-05 15:00:08","user":"cgb","erreur":"1","message":"Le message [LE 05\/06\/21 11:57:17 L INTERFACE HOST_BANK (02) EST HORS SERVICE] a deja ete envoye au numero [2250103612783]","retour":[]}
{"datexec":"2021-06-05 15:00:19","user":"cgb","erreur":"0","message":"from: INCIDENT MO to: 2250103612783 sms: LE 05\/06\/21 11:58:17 L INTERFACE HOST_BANK (02) EST HORS SERVICE ,,,interceptSMS...","retour":[]}<br />
<font size='1'><table class='xdebug-error xe-warning' dir='ltr' border='1' cellspacing='0' cellpadding='1'>
<tr><th align='left' bgcolor='#f57900' colspan="5"><span style='background-color: #cc0000; color: #fce94f; font-size: x-large;'>( ! )</span> Warning: file_put_contents(ws/rest/log/cgb_sendsms_2021_06_05.log): failed to open stream: No such file or directory in /var/www/html/sms/api/Fonction.php on line <i>137</i></th></tr>
<tr><th align='left' bgcolor='#e9b96e' colspan='5'>Call Stack</th></tr>
<tr><th align='center' bgcolor='#eeeeec'>#</th><th align='left' bgcolor='#eeeeec'>Time</th><th align='left' bgcolor='#eeeeec'>Memory</th><th align='left' bgcolor='#eeeeec'>Function</th><th align='left' bgcolor='#eeeeec'>Location</th></tr>
<tr><td bgcolor='#eeeeec' align='center'>1</td><td bgcolor='#eeeeec' align='center'>0.0089</td><td bgcolor='#eeeeec' align='right'>452952</td><td bgcolor='#eeeeec'>{main}(  )</td><td title='/var/www/html/sms/api/ws/rest/sendsms.php' bgcolor='#eeeeec'>.../sendsms.php<b>:</b>0</td></tr>
<tr><td bgcolor='#eeeeec' align='center'>2</td><td bgcolor='#eeeeec' align='center'>4.4820</td><td bgcolor='#eeeeec' align='right'>922320</td><td bgcolor='#eeeeec'>Fonction->retour_json_mo(  )</td><td title='/var/www/html/sms/api/ws/rest/sendsms.php' bgcolor='#eeeeec'>.../sendsms.php<b>:</b>160</td></tr>
<tr><td bgcolor='#eeeeec' align='center'>3</td><td bgcolor='#eeeeec' align='center'>4.4822</td><td bgcolor='#eeeeec' align='right'>923592</td><td bgcolor='#eeeeec'><a href='http://www.php.net/function.file-put-contents' target='_new'>file_put_contents</a>
(  )</td><td title='/var/www/html/sms/api/Fonction.php' bgcolor='#eeeeec'>.../Fonction.php<b>:</b>137</td></tr>
</table></font>
{"datexec":"2021-06-05 15:03:20","user":"cgb","erreur":"0","message":"","retour":{"bulkId":"BBG-BULK-ID-60bb9183c6e73","from":"INCIDENT MO","text":"LE 05\/06\/21 11:58:17 L INTERFACE HOST_BANK (02) EST HORS SERVICE","to":"2250103612783","statusGroupId":1,"statusGroupName":"PENDING","statusId":26,"statusName":"PENDING_ACCEPTED","statusDescription":"Message sent to next instance","messageId":"BBG-MSG-ID-60bb9183c6e97"}}
{"datexec":"2021-06-05 15:21:34","user":"cgb","erreur":"1","message":"SQLSTATE[HY093]: Invalid parameter number: number of bound variables does not match number of tokens","retour":[]}
{"datexec":"2021-06-05 15:24:39","user":"cgb","erreur":"0","message":"from: INCIDENT MO to: 2250103612783 sms: LE 05\/06\/21 12:00:05 L INTERFACE HOST_BANK (01) EST HORS SERVICE ,,,SEND SMS ...","retour":[]}
{"datexec":"2021-06-05 15:24:39","user":"cgb","erreur":"0","message":"from: INCIDENT MO to: 2250103612783 sms: LE 05\/06\/21 12:00:05 L INTERFACE HOST_BANK (01) EST HORS SERVICE ,,,SEND SMS ...","retour":[]}{"datexec":"2021-06-05 15:24:40","user":"cgb","erreur":"0","message":"","retour":{"bulkId":"BBG-BULK-ID-60bb97370bfae","from":"INCIDENT MO","text":"LE 05\/06\/21 12:00:05 L INTERFACE HOST_BANK (01) EST HORS SERVICE","to":"2250103612783","statusGroupId":1,"statusGroupName":"PENDING","statusId":26,"statusName":"PENDING_ACCEPTED","statusDescription":"Message sent to next instance","messageId":"BBG-MSG-ID-60bb97370bfd5"}}
{"datexec":"2021-06-05 15:25:09","user":"cgb","erreur":"1","message":"Le message [LE 05\/06\/21 12:00:05 L INTERFACE HOST_BANK (01) EST HORS SERVICE] a deja ete envoye au numero [2250103612783]","retour":[]}
{"datexec":"2021-06-05 15:25:23","user":"cgb","erreur":"0","message":"from: INCIDENT MO to: 2250103612783 sms: LE 05\/06\/21 12:01:05 L INTERFACE HOST_BANK (01) EST HORS SERVICE ,,,interceptSMS...","retour":[]}
{"datexec":"2021-06-05 15:26:40","user":"cgb","erreur":"0","message":"from: INCIDENT MO to: 2250103612783 sms: LE 05\/06\/21 12:01:05 L INTERFACE HOST_BANK (01) EST HORS SERVICE ,,,SEND SMS ...","retour":[]}
{"datexec":"2021-06-05 15:26:40","user":"cgb","erreur":"0","message":"from: INCIDENT MO to: 2250103612783 sms: LE 05\/06\/21 12:01:05 L INTERFACE HOST_BANK (01) EST HORS SERVICE ,,,SEND SMS ...","retour":[]}{"datexec":"2021-06-05 15:26:41","user":"cgb","erreur":"0","message":"","retour":{"bulkId":"BBG-BULK-ID-60bb97b08cfb0","from":"INCIDENT MO","text":"LE 05\/06\/21 12:01:05 L INTERFACE HOST_BANK (01) EST HORS SERVICE","to":"2250103612783","statusGroupId":1,"statusGroupName":"PENDING","statusId":26,"statusName":"PENDING_ACCEPTED","statusDescription":"Message sent to next instance","messageId":"BBG-MSG-ID-60bb97b08cfd3"}}
{"datexec":"2021-06-05 15:26:53","user":"cgb","erreur":"1","message":"Le message [LE 05\/06\/21 12:01:05 L INTERFACE HOST_BANK (01) EST HORS SERVICE] a deja ete envoye au numero [2250103612783]","retour":[]}
{"datexec":"2021-06-05 15:27:21","user":"cgb","erreur":"0","message":"from: INCIDENT MO to: 2250103612783 sms: LE 05\/06\/21 12:02:05 L INTERFACE HOST_BANK (01) EST HORS SERVICE ,,,interceptSMS...","retour":[]}
{"datexec":"2021-06-05 15:27:38","user":"cgb","erreur":"0","message":"from: INCIDENT MO to: 2250103612783 sms: LE 05\/06\/21 12:03:05 L INTERFACE HOST_BANK (01) EST HORS SERVICE ,,,interceptSMS...","retour":[]}
{"datexec":"2021-06-05 15:30:13","user":"cgb","erreur":"0","message":"from: INCIDENT MO to: 2250103612783 sms: LE 05\/06\/21 12:03:05 L INTERFACE HOST_BANK (01) EST HORS SERVICE ,,,SEND SMS ...","retour":[]}
{"datexec":"2021-06-05 15:30:13","user":"cgb","erreur":"0","message":"from: INCIDENT MO to: 2250103612783 sms: LE 05\/06\/21 12:03:05 L INTERFACE HOST_BANK (01) EST HORS SERVICE ,,,SEND SMS ...","retour":[]}{"datexec":"2021-06-05 15:30:14","user":"cgb","erreur":"0","message":"","retour":{"bulkId":"BBG-BULK-ID-60bb9884eebba","from":"INCIDENT MO","text":"LE 05\/06\/21 12:03:05 L INTERFACE HOST_BANK (01) EST HORS SERVICE","to":"2250103612783","statusGroupId":1,"statusGroupName":"PENDING","statusId":26,"statusName":"PENDING_ACCEPTED","statusDescription":"Message sent to next instance","messageId":"BBG-MSG-ID-60bb9884eec10"}}
{"datexec":"2021-06-05 15:30:27","user":"cgb","erreur":"0","message":"from: INCIDENT MO to: 2250103612783 sms: LE 05\/06\/21 12:03:05 L INTERFACE HOST_BANK (02) EST HORS SERVICE ,,,interceptSMS...","retour":[]}
{"datexec":"2021-06-05 15:30:59","user":"cgb","erreur":"0","message":"from: INCIDENT MO to: 2250103612783 sms: LE 05\/06\/21 12:03:05 L INTERFACE HOST_BANK (03) EST HORS SERVICE ,,,interceptSMS...","retour":[]}
{"datexec":"2021-06-05 15:31:31","user":"cgb","erreur":"0","message":"from: INCIDENT MO to: 2250103612783 sms: LE 05\/06\/21 12:04:05 L INTERFACE HOST_BANK (03) EST HORS SERVICE ,,,interceptSMS...","retour":[]}
{"datexec":"2021-06-05 15:32:49","user":"cgb","erreur":"0","message":"from: INCIDENT MO to: 2250103612783 sms: LE 05\/06\/21 12:04:05 L INTERFACE HOST_BANK (03) EST HORS SERVICE ,,,SEND SMS ...","retour":[]}
{"datexec":"2021-06-05 15:32:49","user":"cgb","erreur":"0","message":"from: INCIDENT MO to: 2250103612783 sms: LE 05\/06\/21 12:04:05 L INTERFACE HOST_BANK (03) EST HORS SERVICE ,,,SEND SMS ...","retour":[]}{"datexec":"2021-06-05 15:32:50","user":"cgb","erreur":"0","message":"","retour":{"bulkId":"BBG-BULK-ID-60bb992102b87","from":"INCIDENT MO","text":"LE 05\/06\/21 12:04:05 L INTERFACE HOST_BANK (03) EST HORS SERVICE","to":"2250103612783","statusGroupId":1,"statusGroupName":"PENDING","statusId":26,"statusName":"PENDING_ACCEPTED","statusDescription":"Message sent to next instance","messageId":"BBG-MSG-ID-60bb99210cacb"}}
<pre class='xdebug-var-dump' dir='ltr'>
<small>/var/www/html/sms/api/Fonction.php:118:</small><small>int</small> <font color='#4e9a06'>0</font>
</pre><pre class='xdebug-var-dump' dir='ltr'>
<small>/var/www/html/sms/api/Fonction.php:119:</small><small>string</small> <font color='#cc0000'>'L INTERFACE HOST_BANK (03) EST HORS SERVICE'</font> <i>(length=43)</i>
</pre>{"datexec":"2021-06-05 15:33:04","user":"cgb","erreur":"0","message":"from: INCIDENT MO to: 2250103612783 sms: LE 05\/06\/21 12:05:05 L INTERFACE HOST_BANK (03) EST HORS SERVICE ,,,interceptSMS...","retour":[]}
{"datexec":"2021-06-05 15:34:58","user":"cgb","erreur":"0","message":"from: INCIDENT MO to: 2250103612783 sms: LE 05\/06\/21 12:06:05 L INTERFACE HOST_BANK (03) EST HORS SERVICE ,,,SEND SMS ...","retour":[]}
{"datexec":"2021-06-05 15:34:58","user":"cgb","erreur":"0","message":"from: INCIDENT MO to: 2250103612783 sms: LE 05\/06\/21 12:06:05 L INTERFACE HOST_BANK (03) EST HORS SERVICE ,,,SEND SMS ...","retour":[]}{"datexec":"2021-06-05 15:35:28","user":"cgb","erreur":"1","message":"Echec sendsms! response send is null","retour":[]}
{"datexec":"2021-06-05 15:36:30","user":"cgb","erreur":"0","message":"from: INCIDENT MO to: 2250103612783 sms: LE 05\/06\/21 12:06:05 L INTERFACE HOST_BANK (03) EST HORS SERVICE ,,,SEND SMS ...","retour":[]}
{"datexec":"2021-06-05 15:36:30","user":"cgb","erreur":"0","message":"from: INCIDENT MO to: 2250103612783 sms: LE 05\/06\/21 12:06:05 L INTERFACE HOST_BANK (03) EST HORS SERVICE ,,,SEND SMS ...","retour":[]}{"datexec":"2021-06-05 15:36:31","user":"cgb","erreur":"0","message":"","retour":{"bulkId":"BBG-BULK-ID-60bb99fe7a76f","from":"INCIDENT MO","text":"LE 05\/06\/21 12:06:05 L INTERFACE HOST_BANK (03) EST HORS SERVICE","to":"2250103612783","statusGroupId":1,"statusGroupName":"PENDING","statusId":26,"statusName":"PENDING_ACCEPTED","statusDescription":"Message sent to next instance","messageId":"BBG-MSG-ID-60bb99fe7a793"}}
{"datexec":"2021-06-05 15:36:43","user":"test","erreur":"0","message":"from: INCIDENT MO to: 2250103612783 sms: LE 05\/06\/21 12:07:05 L INTERFACE HOST_BANK (03) EST HORS SERVICE ,,,interceptSMS...L INTERFACE HOST_BANK (03) EST HORS SERVICE, 0","retour":[]}<br />
<font size='1'><table class='xdebug-error xe-warning' dir='ltr' border='1' cellspacing='0' cellpadding='1'>
<tr><th align='left' bgcolor='#f57900' colspan="5"><span style='background-color: #cc0000; color: #fce94f; font-size: x-large;'>( ! )</span> Warning: file_put_contents(ws/rest/log/test_sendsms_2021_06_05.log): failed to open stream: No such file or directory in /var/www/html/sms/api/Fonction.php on line <i>161</i></th></tr>
<tr><th align='left' bgcolor='#e9b96e' colspan='5'>Call Stack</th></tr>
<tr><th align='center' bgcolor='#eeeeec'>#</th><th align='left' bgcolor='#eeeeec'>Time</th><th align='left' bgcolor='#eeeeec'>Memory</th><th align='left' bgcolor='#eeeeec'>Function</th><th align='left' bgcolor='#eeeeec'>Location</th></tr>
<tr><td bgcolor='#eeeeec' align='center'>1</td><td bgcolor='#eeeeec' align='center'>0.0025</td><td bgcolor='#eeeeec' align='right'>452952</td><td bgcolor='#eeeeec'>{main}(  )</td><td title='/var/www/html/sms/api/ws/rest/sendsms.php' bgcolor='#eeeeec'>.../sendsms.php<b>:</b>0</td></tr>
<tr><td bgcolor='#eeeeec' align='center'>2</td><td bgcolor='#eeeeec' align='center'>5.0908</td><td bgcolor='#eeeeec' align='right'>924656</td><td bgcolor='#eeeeec'>Fonction->interceptSMS(  )</td><td title='/var/www/html/sms/api/ws/rest/sendsms.php' bgcolor='#eeeeec'>.../sendsms.php<b>:</b>152</td></tr>
<tr><td bgcolor='#eeeeec' align='center'>3</td><td bgcolor='#eeeeec' align='center'>5.0917</td><td bgcolor='#eeeeec' align='right'>966976</td><td bgcolor='#eeeeec'>Fonction->retour_json_mo(  )</td><td title='/var/www/html/sms/api/Fonction.php' bgcolor='#eeeeec'>.../Fonction.php<b>:</b>118</td></tr>
<tr><td bgcolor='#eeeeec' align='center'>4</td><td bgcolor='#eeeeec' align='center'>5.0918</td><td bgcolor='#eeeeec' align='right'>972216</td><td bgcolor='#eeeeec'><a href='http://www.php.net/function.file-put-contents' target='_new'>file_put_contents</a>
(  )</td><td title='/var/www/html/sms/api/Fonction.php' bgcolor='#eeeeec'>.../Fonction.php<b>:</b>161</td></tr>
</table></font>
<pre class='xdebug-var-dump' dir='ltr'>
<small>/var/www/html/sms/api/Fonction.php:119:</small><small>int</small> <font color='#4e9a06'>0</font>
</pre><pre class='xdebug-var-dump' dir='ltr'>
<small>/var/www/html/sms/api/Fonction.php:120:</small><small>string</small> <font color='#cc0000'>'L INTERFACE HOST_BANK (03) EST HORS SERVICE'</font> <i>(length=43)</i>
</pre>{"datexec":"2021-06-05 15:36:43","user":"cgb","erreur":"0","message":"from: INCIDENT MO to: 2250103612783 sms: LE 05\/06\/21 12:07:05 L INTERFACE HOST_BANK (03) EST HORS SERVICE ,,,interceptSMS...","retour":[]}
{"datexec":"2021-06-05 15:37:21","user":"test","erreur":"0","message":"from: INCIDENT MO to: 2250103612783 sms: LE 05\/06\/21 12:07:05 L INTERFACE HOST_BANK (03) EST HORS SERVICE ,,,interceptSMS...L INTERFACE HOST_BANK (03) EST HORS SERVICE, 0","retour":[]}<br />
<font size='1'><table class='xdebug-error xe-warning' dir='ltr' border='1' cellspacing='0' cellpadding='1'>
<tr><th align='left' bgcolor='#f57900' colspan="5"><span style='background-color: #cc0000; color: #fce94f; font-size: x-large;'>( ! )</span> Warning: file_put_contents(ws/rest/log/test_sendsms_2021_06_05.log): failed to open stream: No such file or directory in /var/www/html/sms/api/Fonction.php on line <i>161</i></th></tr>
<tr><th align='left' bgcolor='#e9b96e' colspan='5'>Call Stack</th></tr>
<tr><th align='center' bgcolor='#eeeeec'>#</th><th align='left' bgcolor='#eeeeec'>Time</th><th align='left' bgcolor='#eeeeec'>Memory</th><th align='left' bgcolor='#eeeeec'>Function</th><th align='left' bgcolor='#eeeeec'>Location</th></tr>
<tr><td bgcolor='#eeeeec' align='center'>1</td><td bgcolor='#eeeeec' align='center'>0.0013</td><td bgcolor='#eeeeec' align='right'>452952</td><td bgcolor='#eeeeec'>{main}(  )</td><td title='/var/www/html/sms/api/ws/rest/sendsms.php' bgcolor='#eeeeec'>.../sendsms.php<b>:</b>0</td></tr>
<tr><td bgcolor='#eeeeec' align='center'>2</td><td bgcolor='#eeeeec' align='center'>11.1972</td><td bgcolor='#eeeeec' align='right'>924656</td><td bgcolor='#eeeeec'>Fonction->interceptSMS(  )</td><td title='/var/www/html/sms/api/ws/rest/sendsms.php' bgcolor='#eeeeec'>.../sendsms.php<b>:</b>152</td></tr>
<tr><td bgcolor='#eeeeec' align='center'>3</td><td bgcolor='#eeeeec' align='center'>11.1988</td><td bgcolor='#eeeeec' align='right'>966976</td><td bgcolor='#eeeeec'>Fonction->retour_json_mo(  )</td><td title='/var/www/html/sms/api/Fonction.php' bgcolor='#eeeeec'>.../Fonction.php<b>:</b>118</td></tr>
<tr><td bgcolor='#eeeeec' align='center'>4</td><td bgcolor='#eeeeec' align='center'>11.1990</td><td bgcolor='#eeeeec' align='right'>972216</td><td bgcolor='#eeeeec'><a href='http://www.php.net/function.file-put-contents' target='_new'>file_put_contents</a>
(  )</td><td title='/var/www/html/sms/api/Fonction.php' bgcolor='#eeeeec'>.../Fonction.php<b>:</b>161</td></tr>
</table></font>
{"datexec":"2021-06-05 15:37:21","user":"cgb","erreur":"0","message":"from: INCIDENT MO to: 2250103612783 sms: LE 05\/06\/21 12:07:05 L INTERFACE HOST_BANK (03) EST HORS SERVICE ,,,interceptSMS...","retour":[]}
{"datexec":"2021-06-05 15:38:07","user":"cgb","erreur":"0","message":"from: INCIDENT MO to: 2250103612783 sms: LE 05\/06\/21 12:07:05 L INTERFACE HOST_BANK (03) EST HORS SERVICE ,,,interceptSMS...","retour":[]}
{"datexec":"2021-06-05 15:38:29","user":"cgb","erreur":"0","message":"from: INCIDENT MO to: 2250103612783 sms: LE 05\/06\/21 12:08:05 L INTERFACE HOST_BANK (03) EST HORS SERVICE ,,,SEND SMS ...","retour":[]}
{"datexec":"2021-06-05 15:38:29","user":"cgb","erreur":"0","message":"from: INCIDENT MO to: 2250103612783 sms: LE 05\/06\/21 12:08:05 L INTERFACE HOST_BANK (03) EST HORS SERVICE ,,,SEND SMS ...","retour":[]}{"datexec":"2021-06-05 15:38:31","user":"cgb","erreur":"0","message":"","retour":{"bulkId":"BBG-BULK-ID-60bb9a75df805","from":"INCIDENT MO","text":"LE 05\/06\/21 12:08:05 L INTERFACE HOST_BANK (03) EST HORS SERVICE","to":"2250103612783","statusGroupId":1,"statusGroupName":"PENDING","statusId":26,"statusName":"PENDING_ACCEPTED","statusDescription":"Message sent to next instance","messageId":"BBG-MSG-ID-60bb9a75df82a"}}
{"datexec":"2021-06-05 15:38:41","user":"cgb","erreur":"0","message":"from: INCIDENT MO to: 2250103612783 sms: LE 05\/06\/21 12:09:05 L INTERFACE HOST_BANK (03) EST HORS SERVICE ,,,interceptSMS...","retour":[]}
{"datexec":"2021-06-05 15:38:51","user":"cgb","erreur":"0","message":"from: INCIDENT MO to: 2250103612783 sms: LE 05\/06\/21 12:09:05 L INTERFACE HOST_BANK (04) EST HORS SERVICE ,,,interceptSMS...","retour":[]}
{"datexec":"2021-06-05 15:40:14","user":"test","erreur":"0","message":"from: INCIDENT MO to: 2250103612783 sms: LE 05\/06\/21 12:09:05 L INTERFACE HOST_BANK (04) EST HORS SERVICE ,,,interceptSMS...L INTERFACE HOST_BANK (04) EST HORS SERVICE, 0","retour":[]}{"datexec":"2021-06-05 15:40:14","user":"cgb","erreur":"0","message":"from: INCIDENT MO to: 2250103612783 sms: LE 05\/06\/21 12:09:05 L INTERFACE HOST_BANK (04) EST HORS SERVICE ,,,interceptSMS...","retour":[]}
{"datexec":"2021-06-05 15:41:43","user":"cgb","erreur":"0","message":"from: INCIDENT MO to: 2250103612783 sms: LE 05\/06\/21 12:09:05 L INTERFACE HOST_BANK (04) EST HORS SERVICE ,,,SEND SMS ...","retour":[]}
{"datexec":"2021-06-05 15:41:43","user":"cgb","erreur":"0","message":"from: INCIDENT MO to: 2250103612783 sms: LE 05\/06\/21 12:09:05 L INTERFACE HOST_BANK (04) EST HORS SERVICE ,,,SEND SMS ...","retour":[]}{"datexec":"2021-06-05 15:41:44","user":"cgb","erreur":"0","message":"","retour":{"bulkId":"BBG-BULK-ID-60bb9b37691c0","from":"INCIDENT MO","text":"LE 05\/06\/21 12:09:05 L INTERFACE HOST_BANK (04) EST HORS SERVICE","to":"2250103612783","statusGroupId":1,"statusGroupName":"PENDING","statusId":26,"statusName":"PENDING_ACCEPTED","statusDescription":"Message sent to next instance","messageId":"BBG-MSG-ID-60bb9b37691d4"}}
{"datexec":"2021-06-05 15:41:56","user":"test","erreur":"0","message":"from: INCIDENT MO to: 2250103612783 sms: LE 05\/06\/21 12:10:05 L INTERFACE HOST_BANK (04) EST HORS SERVICE ,,,interceptSMS...L INTERFACE HOST_BANK (04) EST HORS SERVICE, 0","retour":[]}{"datexec":"2021-06-05 15:41:56","user":"cgb","erreur":"0","message":"from: INCIDENT MO to: 2250103612783 sms: LE 05\/06\/21 12:10:05 L INTERFACE HOST_BANK (04) EST HORS SERVICE ,,,interceptSMS...","retour":[]}
{"datexec":"2021-06-05 15:44:37","user":"cgb","erreur":"0","message":"from: INCIDENT MO to: 2250103612783 sms: LE 05\/06\/21 12:10:05 L INTERFACE HOST_BANK (04) EST HORS SERVICE ,,,SEND SMS ...","retour":[]}
{"datexec":"2021-06-05 15:44:37","user":"cgb","erreur":"0","message":"from: INCIDENT MO to: 2250103612783 sms: LE 05\/06\/21 12:10:05 L INTERFACE HOST_BANK (04) EST HORS SERVICE ,,,SEND SMS ...","retour":[]}{"datexec":"2021-06-05 15:44:37","user":"cgb","erreur":"0","message":"","retour":{"bulkId":"BBG-BULK-ID-60bb9be4e4e94","from":"INCIDENT MO","text":"LE 05\/06\/21 12:10:05 L INTERFACE HOST_BANK (04) EST HORS SERVICE","to":"2250103612783","statusGroupId":1,"statusGroupName":"PENDING","statusId":26,"statusName":"PENDING_ACCEPTED","statusDescription":"Message sent to next instance","messageId":"BBG-MSG-ID-60bb9be4e4eb9"}}
{"datexec":"2021-06-05 15:47:24","user":"cgb","erreur":"0","message":"from: INCIDENT MO to: 2250103612783 sms: LE 05\/06\/21 12:11:05 L INTERFACE HOST_BANK (05) EST HORS SERVICE ,,,SEND SMS ...","retour":[]}
{"datexec":"2021-06-05 15:47:24","user":"cgb","erreur":"0","message":"from: INCIDENT MO to: 2250103612783 sms: LE 05\/06\/21 12:11:05 L INTERFACE HOST_BANK (05) EST HORS SERVICE ,,,SEND SMS ...","retour":[]}{"datexec":"2021-06-05 15:47:25","user":"cgb","erreur":"0","message":"","retour":{"bulkId":"BBG-BULK-ID-60bb9c8c6b2b8","from":"INCIDENT MO","text":"LE 05\/06\/21 12:11:05 L INTERFACE HOST_BANK (05) EST HORS SERVICE","to":"2250103612783","statusGroupId":1,"statusGroupName":"PENDING","statusId":26,"statusName":"PENDING_ACCEPTED","statusDescription":"Message sent to next instance","messageId":"BBG-MSG-ID-60bb9c8c6b2d0"}}
{"datexec":"2021-06-05 15:47:35","user":"cgb","erreur":"0","message":"from: INCIDENT MO to: 2250103612783 sms: LE 05\/06\/21 12:12:05 L INTERFACE HOST_BANK (05) EST HORS SERVICE ,,,interceptSMS...","retour":[]}
{"datexec":"2021-06-05 15:47:47","user":"cgb","erreur":"0","message":"from: INCIDENT MO to: 2250103612783 sms: LE 05\/06\/21 12:12:05 L INTERFACE HOST_BANK (06) EST HORS SERVICE ,,,SEND SMS ...","retour":[]}
{"datexec":"2021-06-05 15:47:47","user":"cgb","erreur":"0","message":"from: INCIDENT MO to: 2250103612783 sms: LE 05\/06\/21 12:12:05 L INTERFACE HOST_BANK (06) EST HORS SERVICE ,,,SEND SMS ...","retour":[]}{"datexec":"2021-06-05 15:47:48","user":"cgb","erreur":"0","message":"","retour":{"bulkId":"BBG-BULK-ID-60bb9ca3ef3f8","from":"INCIDENT MO","text":"LE 05\/06\/21 12:12:05 L INTERFACE HOST_BANK (06) EST HORS SERVICE","to":"2250103612783","statusGroupId":1,"statusGroupName":"PENDING","statusId":26,"statusName":"PENDING_ACCEPTED","statusDescription":"Message sent to next instance","messageId":"BBG-MSG-ID-60bb9ca3ef41b"}}
{"datexec":"2021-06-05 15:47:57","user":"cgb","erreur":"0","message":"from: INCIDENT MO to: 2250103612783 sms: LE 05\/06\/21 12:12:05 L INTERFACE HOST_BANK (05) EST HORS SERVICE ,,,SEND SMS ...","retour":[]}
{"datexec":"2021-06-05 15:47:57","user":"cgb","erreur":"0","message":"from: INCIDENT MO to: 2250103612783 sms: LE 05\/06\/21 12:12:05 L INTERFACE HOST_BANK (05) EST HORS SERVICE ,,,SEND SMS ...","retour":[]}{"datexec":"2021-06-05 15:47:58","user":"cgb","erreur":"0","message":"","retour":{"bulkId":"BBG-BULK-ID-60bb9cad99cd4","from":"INCIDENT MO","text":"LE 05\/06\/21 12:12:05 L INTERFACE HOST_BANK (05) EST HORS SERVICE","to":"2250103612783","statusGroupId":1,"statusGroupName":"PENDING","statusId":26,"statusName":"PENDING_ACCEPTED","statusDescription":"Message sent to next instance","messageId":"BBG-MSG-ID-60bb9cad99d42"}}
{"datexec":"2021-06-05 15:48:52","user":"cgb","erreur":"1","message":"Le message [LE 05\/06\/21 12:12:05 L INTERFACE HOST_BANK (05) EST HORS SERVICE] a deja ete envoye au numero [2250103612783]","retour":[]}
{"datexec":"2021-06-05 15:49:08","user":"cgb","erreur":"0","message":"from: INCIDENT MO to: 2250103612783 sms: LE 05\/06\/21 12:14:05 L INTERFACE HOST_BANK (05) EST HORS SERVICE ,,,interceptSMS...","retour":[]}
{"datexec":"2021-06-05 15:49:18","user":"cgb","erreur":"0","message":"from: INCIDENT MO to: 2250103612783 sms: LE 05\/06\/21 12:15:05 L INTERFACE HOST_BANK (05) EST HORS SERVICE ,,,interceptSMS...","retour":[]}
{"datexec":"2021-06-05 15:49:25","user":"cgb","erreur":"0","message":"from: INCIDENT MO to: 2250103612783 sms: LE 05\/06\/21 12:15:05 L INTERFACE HOST_BANK (06) EST HORS SERVICE ,,,SEND SMS ...","retour":[]}
{"datexec":"2021-06-05 15:49:25","user":"cgb","erreur":"0","message":"from: INCIDENT MO to: 2250103612783 sms: LE 05\/06\/21 12:15:05 L INTERFACE HOST_BANK (06) EST HORS SERVICE ,,,SEND SMS ...","retour":[]}{"datexec":"2021-06-05 15:49:27","user":"cgb","erreur":"0","message":"","retour":{"bulkId":"BBG-BULK-ID-60bb9d05f2ffc","from":"INCIDENT MO","text":"LE 05\/06\/21 12:15:05 L INTERFACE HOST_BANK (06) EST HORS SERVICE","to":"2250103612783","statusGroupId":1,"statusGroupName":"PENDING","statusId":26,"statusName":"PENDING_ACCEPTED","statusDescription":"Message sent to next instance","messageId":"BBG-MSG-ID-60bb9d05f301e"}}
{"datexec":"2021-06-05 15:49:31","user":"cgb","erreur":"1","message":"Le message [LE 05\/06\/21 12:15:05 L INTERFACE HOST_BANK (06) EST HORS SERVICE] a deja ete envoye au numero [2250103612783]","retour":[]}
{"datexec":"2021-06-05 15:49:37","user":"cgb","erreur":"0","message":"from: INCIDENT MO to: 2250103612783 sms: LE 05\/06\/21 12:16:05 L INTERFACE HOST_BANK (06) EST HORS SERVICE ,,,interceptSMS...","retour":[]}
{"datexec":"2021-06-05 14:43:38","user":"cgb","erreur":"0","message":"from: INCIDENT MO to: 2250103612783 sms: LE 05\/06\/21 11:55:17 L INTERFACE HOST_BANK (01) EST HORS SERVICE ,,,interceptSMS...","retour":[]}<br />
<font size='1'><table class='xdebug-error xe-warning' dir='ltr' border='1' cellspacing='0' cellpadding='1'>
<tr><th align='left' bgcolor='#f57900' colspan="5"><span style='background-color: #cc0000; color: #fce94f; font-size: x-large;'>( ! )</span> Warning: file_put_contents(ws/rest/log/cgb_sendsms_2021_06_05.log): failed to open stream: No such file or directory in /var/www/html/sms/api/Fonction.php on line <i>137</i></th></tr>
<tr><th align='left' bgcolor='#e9b96e' colspan='5'>Call Stack</th></tr>
<tr><th align='center' bgcolor='#eeeeec'>#</th><th align='left' bgcolor='#eeeeec'>Time</th><th align='left' bgcolor='#eeeeec'>Memory</th><th align='left' bgcolor='#eeeeec'>Function</th><th align='left' bgcolor='#eeeeec'>Location</th></tr>
<tr><td bgcolor='#eeeeec' align='center'>1</td><td bgcolor='#eeeeec' align='center'>0.0063</td><td bgcolor='#eeeeec' align='right'>452952</td><td bgcolor='#eeeeec'>{main}(  )</td><td title='/var/www/html/sms/api/ws/rest/sendsms.php' bgcolor='#eeeeec'>.../sendsms.php<b>:</b>0</td></tr>
<tr><td bgcolor='#eeeeec' align='center'>2</td><td bgcolor='#eeeeec' align='center'>3.7605</td><td bgcolor='#eeeeec' align='right'>922320</td><td bgcolor='#eeeeec'>Fonction->retour_json_mo(  )</td><td title='/var/www/html/sms/api/ws/rest/sendsms.php' bgcolor='#eeeeec'>.../sendsms.php<b>:</b>160</td></tr>
<tr><td bgcolor='#eeeeec' align='center'>3</td><td bgcolor='#eeeeec' align='center'>3.7606</td><td bgcolor='#eeeeec' align='right'>923592</td><td bgcolor='#eeeeec'><a href='http://www.php.net/function.file-put-contents' target='_new'>file_put_contents</a>
(  )</td><td title='/var/www/html/sms/api/Fonction.php' bgcolor='#eeeeec'>.../Fonction.php<b>:</b>137</td></tr>
</table></font>
{"datexec":"2021-06-05 15:53:39","user":"cgb","erreur":"0","message":"","retour":{"bulkId":"BBG-BULK-ID-60bb8d9a19c75","from":"INCIDENT MO","text":"LE 05\/06\/21 11:55:17 L INTERFACE HOST_BANK (01) EST HORS SERVICE","to":"2250103612783","statusGroupId":1,"statusGroupName":"PENDING","statusId":26,"statusName":"PENDING_ACCEPTED","statusDescription":"Message sent to next instance","messageId":"BBG-MSG-ID-60bb8d9a19c90"}}
