<br/><br/><br/>


 ========== EXECUTION MANUAL PUSH 4 SMS ====== <br/>
30/04/2021 00:22:01<br/>
 echo fichier MPUSH non trouve<br/><br/><br/>


 ========== EXECUTION MANUAL PUSH 4 SMS ====== <br/>
30/04/2021 00:23:01<br/>
 echo fichier MPUSH non trouve<br/><br/><br/>


 ========== EXECUTION MANUAL PUSH 4 SMS ====== <br/>
30/04/2021 00:24:01<br/>
 echo fichier MPUSH non trouve<br/><br/><br/>


 ========== EXECUTION MANUAL PUSH 4 SMS ====== <br/>
30/04/2021 00:25:02<br/>
 echo fichier MPUSH non trouve<br/><br/><br/>


 ========== EXECUTION MANUAL PUSH 4 SMS ====== <br/>
30/04/2021 00:26:01<br/>
 echo fichier MPUSH non trouve<br/><br/><br/>


 ========== EXECUTION MANUAL PUSH 4 SMS ====== <br/>
30/04/2021 00:27:02<br/>
 echo fichier MPUSH non trouve<br/><br/><br/>


 ========== EXECUTION MANUAL PUSH 4 SMS ====== <br/>
30/04/2021 00:28:03<br/>
 echo fichier MPUSH non trouve<br/>
 echo fichier MPUSH non trouve<br/><br/><br/>


 ========== EXECUTION MANUAL PUSH 4 SMS ====== <br/>
30/04/2021 00:29:01<br/>
 echo fichier MPUSH non trouve<br/>
 echo fichier MPUSH non trouve<br/><br/><br/>


 ========== EXECUTION MANUAL PUSH 4 SMS ====== <br/>
30/04/2021 00:30:07<br/>
 echo fichier MPUSH non trouve<br/>
 echo fichier MPUSH non trouve<br/><br/><br/>


 ========== EXECUTION MANUAL PUSH 4 SMS ====== <br/>
30/04/2021 00:31:30<br/>
 echo fichier MPUSH non trouve<br/>
 echo fichier MPUSH non trouve<br/><br/><br/>


 ========== EXECUTION MANUAL PUSH 4 SMS ====== <br/>
30/04/2021 00:33:44<br/>
 echo fichier MPUSH non trouve<br/>
 echo fichier MPUSH non trouve<br/><br/><br/>


 ========== EXECUTION MANUAL PUSH 4 SMS ====== <br/>
30/04/2021 00:33:44<br/>
 echo fichier MPUSH non trouve<br/>
 echo fichier MPUSH non trouve<br/><br/><br/>


 ========== EXECUTION MANUAL PUSH 4 SMS ====== <br/>
30/04/2021 00:34:01<br/>
 echo fichier MPUSH non trouve<br/>
 echo fichier MPUSH non trouve<br/><br/><br/>


 ========== EXECUTION MANUAL PUSH 4 SMS ====== <br/>
30/04/2021 00:35:05<br/>
 echo fichier MPUSH non trouve<br/>
 echo fichier MPUSH non trouve<br/><br/><br/>


 ========== EXECUTION MANUAL PUSH 4 SMS ====== <br/>
30/04/2021 00:36:04<br/>
 echo fichier MPUSH non trouve<br/><br/><br/>


 ========== EXECUTION MANUAL PUSH 4 SMS ====== <br/>
30/04/2021 00:37:02<br/>
 echo fichier MPUSH non trouve<br/><br/><br/>


 ========== EXECUTION MANUAL PUSH 4 SMS ====== <br/>
30/04/2021 00:38:01<br/>
 echo fichier MPUSH non trouve<br/><br/><br/>


 ========== EXECUTION MANUAL PUSH 4 SMS ====== <br/>
30/04/2021 00:39:01<br/>
 echo fichier MPUSH non trouve<br/><br/><br/>


 ========== EXECUTION MANUAL PUSH 4 SMS ====== <br/>
30/04/2021 00:40:01<br/>
 echo fichier MPUSH non trouve<br/><br/><br/>


 ========== EXECUTION MANUAL PUSH 4 SMS ====== <br/>
30/04/2021 00:41:02<br/>
 echo fichier MPUSH non trouve<br/><br/><br/>


 ========== EXECUTION MANUAL PUSH 4 SMS ====== <br/>
30/04/2021 00:42:03<br/>
 echo fichier MPUSH non trouve<br/><br/><br/>


 ========== EXECUTION MANUAL PUSH 4 SMS ====== <br/>
30/04/2021 00:43:02<br/>
 echo fichier MPUSH non trouve<br/><br/><br/>


 ========== EXECUTION MANUAL PUSH 4 SMS ====== <br/>
30/04/2021 00:44:01<br/>
 echo fichier MPUSH non trouve<br/><br/><br/>


 ========== EXECUTION MANUAL PUSH 4 SMS ====== <br/>
30/04/2021 00:45:02<br/>
 echo fichier MPUSH non trouve<br/><br/><br/>


 ========== EXECUTION MANUAL PUSH 4 SMS ====== <br/>
30/04/2021 00:46:01<br/>
 echo fichier MPUSH non trouve<br/><br/><br/>


 ========== EXECUTION MANUAL PUSH 4 SMS ====== <br/>
30/04/2021 00:47:01<br/>
 echo fichier MPUSH non trouve<br/><br/><br/>


 ========== EXECUTION MANUAL PUSH 4 SMS ====== <br/>
30/04/2021 00:48:01<br/>
 echo fichier MPUSH non trouve<br/><br/><br/>


 ========== EXECUTION MANUAL PUSH 4 SMS ====== <br/>
30/04/2021 00:49:02<br/>
 echo fichier MPUSH non trouve<br/><br/><br/>


 ========== EXECUTION MANUAL PUSH 4 SMS ====== <br/>
30/04/2021 00:50:01<br/>
 echo fichier MPUSH non trouve<br/><br/><br/>


 ========== EXECUTION MANUAL PUSH 4 SMS ====== <br/>
30/04/2021 00:51:02<br/>
 echo fichier MPUSH non trouve<br/><br/><br/>


 ========== EXECUTION MANUAL PUSH 4 SMS ====== <br/>
30/04/2021 00:52:01<br/>
 echo fichier MPUSH non trouve<br/><br/><br/>


 ========== EXECUTION MANUAL PUSH 4 SMS ====== <br/>
30/04/2021 00:53:02<br/>
 echo fichier MPUSH non trouve<br/><br/><br/>


 ========== EXECUTION MANUAL PUSH 4 SMS ====== <br/>
30/04/2021 00:54:01<br/>
 echo fichier MPUSH non trouve<br/><br/><br/>


 ========== EXECUTION MANUAL PUSH 4 SMS ====== <br/>
30/04/2021 00:55:02<br/>
 echo fichier MPUSH non trouve<br/><br/><br/>


 ========== EXECUTION MANUAL PUSH 4 SMS ====== <br/>
30/04/2021 00:56:02<br/>
 echo fichier MPUSH non trouve<br/><br/><br/>


 ========== EXECUTION MANUAL PUSH 4 SMS ====== <br/>
30/04/2021 00:57:02<br/>
 echo fichier MPUSH non trouve<br/><br/><br/>


 ========== EXECUTION MANUAL PUSH 4 SMS ====== <br/>
30/04/2021 00:58:02<br/>
 echo fichier MPUSH non trouve<br/><br/><br/>


 ========== EXECUTION MANUAL PUSH 4 SMS ====== <br/>
30/04/2021 00:59:01<br/>
 echo fichier MPUSH non trouve<br/><br/><br/>


 ========== EXECUTION MANUAL PUSH 4 SMS ====== <br/>
30/04/2021 01:00:02<br/>
 echo fichier MPUSH non trouve<br/><br/><br/>


 ========== EXECUTION MANUAL PUSH 4 SMS ====== <br/>
30/04/2021 01:01:02<br/>
 echo fichier MPUSH non trouve<br/><br/><br/>


 ========== EXECUTION MANUAL PUSH 4 SMS ====== <br/>
30/04/2021 01:02:02<br/>
 echo fichier MPUSH non trouve<br/><br/><br/>


 ========== EXECUTION MANUAL PUSH 4 SMS ====== <br/>
30/04/2021 01:03:01<br/>
 echo fichier MPUSH non trouve<br/><br/><br/>


 ========== EXECUTION MANUAL PUSH 4 SMS ====== <br/>
30/04/2021 01:04:02<br/>
 echo fichier MPUSH non trouve<br/><br/><br/>


 ========== EXECUTION MANUAL PUSH 4 SMS ====== <br/>
30/04/2021 01:05:02<br/>
 echo fichier MPUSH non trouve<br/><br/><br/>


 ========== EXECUTION MANUAL PUSH 4 SMS ====== <br/>
30/04/2021 01:06:02<br/>
 echo fichier MPUSH non trouve<br/><br/><br/>


 ========== EXECUTION MANUAL PUSH 4 SMS ====== <br/>
30/04/2021 01:07:01<br/>
 echo fichier MPUSH non trouve<br/><br/><br/>


 ========== EXECUTION MANUAL PUSH 4 SMS ====== <br/>
30/04/2021 01:08:02<br/>
 echo fichier MPUSH non trouve<br/><br/><br/>


 ========== EXECUTION MANUAL PUSH 4 SMS ====== <br/>
30/04/2021 01:09:02<br/>
 echo fichier MPUSH non trouve<br/><br/><br/>


 ========== EXECUTION MANUAL PUSH 4 SMS ====== <br/>
30/04/2021 01:10:02<br/>
 echo fichier MPUSH non trouve<br/><br/><br/>


 ========== EXECUTION MANUAL PUSH 4 SMS ====== <br/>
30/04/2021 01:11:02<br/>
 echo fichier MPUSH non trouve<br/><br/><br/>


 ========== EXECUTION MANUAL PUSH 4 SMS ====== <br/>
30/04/2021 01:12:01<br/>
 echo fichier MPUSH non trouve<br/><br/><br/>


 ========== EXECUTION MANUAL PUSH 4 SMS ====== <br/>
30/04/2021 01:13:02<br/>
 echo fichier MPUSH non trouve<br/><br/><br/>


 ========== EXECUTION MANUAL PUSH 4 SMS ====== <br/>
30/04/2021 01:14:02<br/>
 echo fichier MPUSH non trouve<br/><br/><br/>


 ========== EXECUTION MANUAL PUSH 4 SMS ====== <br/>
30/04/2021 01:15:01<br/>
 echo fichier MPUSH non trouve<br/><br/><br/>


 ========== EXECUTION MANUAL PUSH 4 SMS ====== <br/>
30/04/2021 01:16:01<br/>
 echo fichier MPUSH non trouve<br/><br/><br/>


 ========== EXECUTION MANUAL PUSH 4 SMS ====== <br/>
30/04/2021 01:17:02<br/>
 echo fichier MPUSH non trouve<br/><br/><br/>


 ========== EXECUTION MANUAL PUSH 4 SMS ====== <br/>
30/04/2021 01:18:03<br/>
 echo fichier MPUSH non trouve<br/><br/><br/>


 ========== EXECUTION MANUAL PUSH 4 SMS ====== <br/>
30/04/2021 01:19:01<br/>
 echo fichier MPUSH non trouve<br/><br/><br/>


 ========== EXECUTION MANUAL PUSH 4 SMS ====== <br/>
30/04/2021 01:20:01<br/>
 echo fichier MPUSH non trouve<br/><br/><br/>


 ========== EXECUTION MANUAL PUSH 4 SMS ====== <br/>
30/04/2021 01:21:02<br/>
 echo fichier MPUSH non trouve<br/><br/><br/>


 ========== EXECUTION MANUAL PUSH 4 SMS ====== <br/>
30/04/2021 01:22:02<br/>
 echo fichier MPUSH non trouve<br/><br/><br/>


 ========== EXECUTION MANUAL PUSH 4 SMS ====== <br/>
30/04/2021 01:23:02<br/>
 echo fichier MPUSH non trouve<br/><br/><br/>


 ========== EXECUTION MANUAL PUSH 4 SMS ====== <br/>
30/04/2021 01:24:03<br/>
 echo fichier MPUSH non trouve<br/><br/><br/>


 ========== EXECUTION MANUAL PUSH 4 SMS ====== <br/>
30/04/2021 01:25:02<br/>
 echo fichier MPUSH non trouve<br/><br/><br/>


 ========== EXECUTION MANUAL PUSH 4 SMS ====== <br/>
30/04/2021 01:26:03<br/>
 echo fichier MPUSH non trouve<br/><br/><br/>


 ========== EXECUTION MANUAL PUSH 4 SMS ====== <br/>
30/04/2021 01:27:02<br/>
 echo fichier MPUSH non trouve<br/><br/><br/>


 ========== EXECUTION MANUAL PUSH 4 SMS ====== <br/>
30/04/2021 01:28:02<br/>
 echo fichier MPUSH non trouve<br/><br/><br/>


 ========== EXECUTION MANUAL PUSH 4 SMS ====== <br/>
30/04/2021 01:29:01<br/>
 echo fichier MPUSH non trouve<br/><br/><br/>


 ========== EXECUTION MANUAL PUSH 4 SMS ====== <br/>
30/04/2021 01:30:02<br/>
 echo fichier MPUSH non trouve<br/><br/><br/>


 ========== EXECUTION MANUAL PUSH 4 SMS ====== <br/>
30/04/2021 01:31:02<br/>
 echo fichier MPUSH non trouve<br/><br/><br/>


 ========== EXECUTION MANUAL PUSH 4 SMS ====== <br/>
30/04/2021 01:32:02<br/>
 echo fichier MPUSH non trouve<br/><br/><br/>


 ========== EXECUTION MANUAL PUSH 4 SMS ====== <br/>
30/04/2021 01:33:02<br/>
 echo fichier MPUSH non trouve<br/><br/><br/>


 ========== EXECUTION MANUAL PUSH 4 SMS ====== <br/>
30/04/2021 01:34:03<br/>
 echo fichier MPUSH non trouve<br/><br/><br/>


 ========== EXECUTION MANUAL PUSH 4 SMS ====== <br/>
30/04/2021 01:35:01<br/>
 echo fichier MPUSH non trouve<br/><br/><br/>


 ========== EXECUTION MANUAL PUSH 4 SMS ====== <br/>
30/04/2021 01:36:01<br/>
 echo fichier MPUSH non trouve<br/>
 echo fichier MPUSH non trouve<br/><br/><br/>


 ========== EXECUTION MANUAL PUSH 4 SMS ====== <br/>
30/04/2021 01:37:02<br/>
 echo fichier MPUSH non trouve<br/><br/><br/>


 ========== EXECUTION MANUAL PUSH 4 SMS ====== <br/>
30/04/2021 01:38:01<br/>
 echo fichier MPUSH non trouve<br/><br/><br/>


 ========== EXECUTION MANUAL PUSH 4 SMS ====== <br/>
30/04/2021 01:39:02<br/>
 echo fichier MPUSH non trouve<br/><br/><br/>


 ========== EXECUTION MANUAL PUSH 4 SMS ====== <br/>
30/04/2021 01:40:02<br/>
 echo fichier MPUSH non trouve<br/><br/><br/>


 ========== EXECUTION MANUAL PUSH 4 SMS ====== <br/>
30/04/2021 01:41:02<br/>
 echo fichier MPUSH non trouve<br/><br/><br/>


 ========== EXECUTION MANUAL PUSH 4 SMS ====== <br/>
30/04/2021 01:42:02<br/>
 echo fichier MPUSH non trouve<br/><br/><br/>


 ========== EXECUTION MANUAL PUSH 4 SMS ====== <br/>
30/04/2021 01:43:01<br/>
 echo fichier MPUSH non trouve<br/><br/><br/>


 ========== EXECUTION MANUAL PUSH 4 SMS ====== <br/>
30/04/2021 01:44:01<br/>
 echo fichier MPUSH non trouve<br/><br/><br/>


 ========== EXECUTION MANUAL PUSH 4 SMS ====== <br/>
30/04/2021 01:45:02<br/>
 echo fichier MPUSH non trouve<br/><br/><br/>


 ========== EXECUTION MANUAL PUSH 4 SMS ====== <br/>
30/04/2021 01:46:02<br/>
 echo fichier MPUSH non trouve<br/><br/><br/>


 ========== EXECUTION MANUAL PUSH 4 SMS ====== <br/>
30/04/2021 01:47:02<br/>
 echo fichier MPUSH non trouve<br/><br/><br/>


 ========== EXECUTION MANUAL PUSH 4 SMS ====== <br/>
30/04/2021 01:48:01<br/>
 echo fichier MPUSH non trouve<br/><br/><br/>


 ========== EXECUTION MANUAL PUSH 4 SMS ====== <br/>
30/04/2021 01:49:02<br/>
 echo fichier MPUSH non trouve<br/><br/><br/>


 ========== EXECUTION MANUAL PUSH 4 SMS ====== <br/>
30/04/2021 01:50:03<br/>
 echo fichier MPUSH non trouve<br/><br/><br/>


 ========== EXECUTION MANUAL PUSH 4 SMS ====== <br/>
30/04/2021 01:51:02<br/>
 echo fichier MPUSH non trouve<br/><br/><br/>


 ========== EXECUTION MANUAL PUSH 4 SMS ====== <br/>
30/04/2021 01:52:02<br/>
 echo fichier MPUSH non trouve<br/><br/><br/>


 ========== EXECUTION MANUAL PUSH 4 SMS ====== <br/>
30/04/2021 01:53:02<br/>
 echo fichier MPUSH non trouve<br/><br/><br/>


 ========== EXECUTION MANUAL PUSH 4 SMS ====== <br/>
30/04/2021 01:54:02<br/>
 echo fichier MPUSH non trouve<br/><br/><br/>


 ========== EXECUTION MANUAL PUSH 4 SMS ====== <br/>
30/04/2021 01:55:03<br/>
 echo fichier MPUSH non trouve<br/><br/><br/>


 ========== EXECUTION MANUAL PUSH 4 SMS ====== <br/>
30/04/2021 01:56:02<br/>
 echo fichier MPUSH non trouve<br/><br/><br/>


 ========== EXECUTION MANUAL PUSH 4 SMS ====== <br/>
30/04/2021 01:57:01<br/>
 echo fichier MPUSH non trouve<br/>
 echo fichier MPUSH non trouve<br/><br/><br/>


 ========== EXECUTION MANUAL PUSH 4 SMS ====== <br/>
30/04/2021 01:58:01<br/>
 echo fichier MPUSH non trouve<br/><br/><br/>


 ========== EXECUTION MANUAL PUSH 4 SMS ====== <br/>
30/04/2021 01:59:02<br/>
 echo fichier MPUSH non trouve<br/><br/><br/>


 ========== EXECUTION MANUAL PUSH 4 SMS ====== <br/>
30/04/2021 02:00:02<br/>
 echo fichier MPUSH non trouve<br/><br/><br/>


 ========== EXECUTION MANUAL PUSH 4 SMS ====== <br/>
30/04/2021 02:01:02<br/>
 echo fichier MPUSH non trouve<br/><br/><br/>


 ========== EXECUTION MANUAL PUSH 4 SMS ====== <br/>
30/04/2021 02:02:02<br/>
 echo fichier MPUSH non trouve<br/><br/><br/>


 ========== EXECUTION MANUAL PUSH 4 SMS ====== <br/>
30/04/2021 02:03:03<br/>
 echo fichier MPUSH non trouve<br/><br/><br/>


 ========== EXECUTION MANUAL PUSH 4 SMS ====== <br/>
30/04/2021 02:04:01<br/>
 echo fichier MPUSH non trouve<br/><br/><br/>


 ========== EXECUTION MANUAL PUSH 4 SMS ====== <br/>
30/04/2021 02:05:02<br/>
 echo fichier MPUSH non trouve<br/><br/><br/>


 ========== EXECUTION MANUAL PUSH 4 SMS ====== <br/>
30/04/2021 02:06:05<br/>
 echo fichier MPUSH non trouve<br/><br/><br/>


 ========== EXECUTION MANUAL PUSH 4 SMS ====== <br/>
30/04/2021 02:07:02<br/>
 echo fichier MPUSH non trouve<br/><br/><br/>


 ========== EXECUTION MANUAL PUSH 4 SMS ====== <br/>
30/04/2021 02:08:02<br/>
 echo fichier MPUSH non trouve<br/><br/><br/>


 ========== EXECUTION MANUAL PUSH 4 SMS ====== <br/>
30/04/2021 02:09:02<br/>
 echo fichier MPUSH non trouve<br/><br/><br/>


 ========== EXECUTION MANUAL PUSH 4 SMS ====== <br/>
30/04/2021 02:10:02<br/>
 echo fichier MPUSH non trouve<br/><br/><br/>


 ========== EXECUTION MANUAL PUSH 4 SMS ====== <br/>
30/04/2021 02:11:02<br/>
 echo fichier MPUSH non trouve<br/><br/><br/>


 ========== EXECUTION MANUAL PUSH 4 SMS ====== <br/>
30/04/2021 02:12:02<br/>
 echo fichier MPUSH non trouve<br/><br/><br/>


 ========== EXECUTION MANUAL PUSH 4 SMS ====== <br/>
30/04/2021 02:13:01<br/>
 echo fichier MPUSH non trouve<br/><br/><br/>


 ========== EXECUTION MANUAL PUSH 4 SMS ====== <br/>
30/04/2021 02:14:02<br/>
 echo fichier MPUSH non trouve<br/><br/><br/>


 ========== EXECUTION MANUAL PUSH 4 SMS ====== <br/>
30/04/2021 02:15:02<br/>
 echo fichier MPUSH non trouve<br/><br/><br/>


 ========== EXECUTION MANUAL PUSH 4 SMS ====== <br/>
30/04/2021 02:16:03<br/>
 echo fichier MPUSH non trouve<br/><br/><br/>


 ========== EXECUTION MANUAL PUSH 4 SMS ====== <br/>
30/04/2021 02:17:02<br/>
 echo fichier MPUSH non trouve<br/><br/><br/>


 ========== EXECUTION MANUAL PUSH 4 SMS ====== <br/>
30/04/2021 02:18:03<br/>
 echo fichier MPUSH non trouve<br/><br/><br/>


 ========== EXECUTION MANUAL PUSH 4 SMS ====== <br/>
30/04/2021 02:19:02<br/>
 echo fichier MPUSH non trouve<br/><br/><br/>


 ========== EXECUTION MANUAL PUSH 4 SMS ====== <br/>
30/04/2021 02:20:01<br/>
 echo fichier MPUSH non trouve<br/><br/><br/>


 ========== EXECUTION MANUAL PUSH 4 SMS ====== <br/>
30/04/2021 02:21:02<br/>
 echo fichier MPUSH non trouve<br/><br/><br/>


 ========== EXECUTION MANUAL PUSH 4 SMS ====== <br/>
30/04/2021 02:22:01<br/>
 echo fichier MPUSH non trouve<br/><br/><br/>


 ========== EXECUTION MANUAL PUSH 4 SMS ====== <br/>
30/04/2021 02:23:02<br/>
 echo fichier MPUSH non trouve<br/><br/><br/>


 ========== EXECUTION MANUAL PUSH 4 SMS ====== <br/>
30/04/2021 02:24:01<br/>
 echo fichier MPUSH non trouve<br/><br/><br/>


 ========== EXECUTION MANUAL PUSH 4 SMS ====== <br/>
30/04/2021 02:25:02<br/>
 echo fichier MPUSH non trouve<br/><br/><br/>


 ========== EXECUTION MANUAL PUSH 4 SMS ====== <br/>
30/04/2021 02:26:02<br/>
 echo fichier MPUSH non trouve<br/><br/><br/>


 ========== EXECUTION MANUAL PUSH 4 SMS ====== <br/>
30/04/2021 02:27:01<br/>
 echo fichier MPUSH non trouve<br/><br/><br/>


 ========== EXECUTION MANUAL PUSH 4 SMS ====== <br/>
30/04/2021 02:28:02<br/>
 echo fichier MPUSH non trouve<br/><br/><br/>


 ========== EXECUTION MANUAL PUSH 4 SMS ====== <br/>
30/04/2021 02:29:01<br/>
 echo fichier MPUSH non trouve<br/><br/><br/>


 ========== EXECUTION MANUAL PUSH 4 SMS ====== <br/>
30/04/2021 02:30:02<br/>
 echo fichier MPUSH non trouve<br/><br/><br/>


 ========== EXECUTION MANUAL PUSH 4 SMS ====== <br/>
30/04/2021 02:31:01<br/>
 echo fichier MPUSH non trouve<br/><br/><br/>


 ========== EXECUTION MANUAL PUSH 4 SMS ====== <br/>
30/04/2021 02:32:02<br/>
 echo fichier MPUSH non trouve<br/><br/><br/>


 ========== EXECUTION MANUAL PUSH 4 SMS ====== <br/>
30/04/2021 02:33:02<br/>
 echo fichier MPUSH non trouve<br/><br/><br/>


 ========== EXECUTION MANUAL PUSH 4 SMS ====== <br/>
30/04/2021 02:34:02<br/>
 echo fichier MPUSH non trouve<br/><br/><br/>


 ========== EXECUTION MANUAL PUSH 4 SMS ====== <br/>
30/04/2021 02:35:02<br/>
 echo fichier MPUSH non trouve<br/><br/><br/>


 ========== EXECUTION MANUAL PUSH 4 SMS ====== <br/>
30/04/2021 02:36:03<br/>
 echo fichier MPUSH non trouve<br/><br/><br/>


 ========== EXECUTION MANUAL PUSH 4 SMS ====== <br/>
30/04/2021 02:37:01<br/>
 echo fichier MPUSH non trouve<br/><br/><br/>


 ========== EXECUTION MANUAL PUSH 4 SMS ====== <br/>
30/04/2021 02:38:02<br/>
 echo fichier MPUSH non trouve<br/><br/><br/>


 ========== EXECUTION MANUAL PUSH 4 SMS ====== <br/>
30/04/2021 02:39:02<br/>
 echo fichier MPUSH non trouve<br/><br/><br/>


 ========== EXECUTION MANUAL PUSH 4 SMS ====== <br/>
30/04/2021 02:40:02<br/>
 echo fichier MPUSH non trouve<br/><br/><br/>


 ========== EXECUTION MANUAL PUSH 4 SMS ====== <br/>
30/04/2021 02:41:01<br/>
 echo fichier MPUSH non trouve<br/><br/><br/>


 ========== EXECUTION MANUAL PUSH 4 SMS ====== <br/>
30/04/2021 02:42:01<br/>
 echo fichier MPUSH non trouve<br/><br/><br/>


 ========== EXECUTION MANUAL PUSH 4 SMS ====== <br/>
30/04/2021 02:43:02<br/>
 echo fichier MPUSH non trouve<br/><br/><br/>


 ========== EXECUTION MANUAL PUSH 4 SMS ====== <br/>
30/04/2021 02:44:02<br/>
 echo fichier MPUSH non trouve<br/><br/><br/>


 ========== EXECUTION MANUAL PUSH 4 SMS ====== <br/>
30/04/2021 02:45:02<br/>
 echo fichier MPUSH non trouve<br/><br/><br/>


 ========== EXECUTION MANUAL PUSH 4 SMS ====== <br/>
30/04/2021 02:46:02<br/>
 echo fichier MPUSH non trouve<br/><br/><br/>


 ========== EXECUTION MANUAL PUSH 4 SMS ====== <br/>
30/04/2021 02:47:02<br/>
 echo fichier MPUSH non trouve<br/><br/><br/>


 ========== EXECUTION MANUAL PUSH 4 SMS ====== <br/>
30/04/2021 02:48:01<br/>
 echo fichier MPUSH non trouve<br/><br/><br/>


 ========== EXECUTION MANUAL PUSH 4 SMS ====== <br/>
30/04/2021 02:49:02<br/>
 echo fichier MPUSH non trouve<br/><br/><br/>


 ========== EXECUTION MANUAL PUSH 4 SMS ====== <br/>
30/04/2021 02:50:01<br/>
 echo fichier MPUSH non trouve<br/><br/><br/>


 ========== EXECUTION MANUAL PUSH 4 SMS ====== <br/>
30/04/2021 02:51:02<br/>
 echo fichier MPUSH non trouve<br/><br/><br/>


 ========== EXECUTION MANUAL PUSH 4 SMS ====== <br/>
30/04/2021 02:52:03<br/>
 echo fichier MPUSH non trouve<br/><br/><br/>


 ========== EXECUTION MANUAL PUSH 4 SMS ====== <br/>
30/04/2021 02:53:02<br/>
 echo fichier MPUSH non trouve<br/><br/><br/>


 ========== EXECUTION MANUAL PUSH 4 SMS ====== <br/>
30/04/2021 02:54:03<br/>
 echo fichier MPUSH non trouve<br/><br/><br/>


 ========== EXECUTION MANUAL PUSH 4 SMS ====== <br/>
30/04/2021 02:55:01<br/>
 echo fichier MPUSH non trouve<br/><br/><br/>


 ========== EXECUTION MANUAL PUSH 4 SMS ====== <br/>
30/04/2021 02:56:04<br/>
 echo fichier MPUSH non trouve<br/><br/><br/>


 ========== EXECUTION MANUAL PUSH 4 SMS ====== <br/>
30/04/2021 02:57:02<br/>
 echo fichier MPUSH non trouve<br/><br/><br/>


 ========== EXECUTION MANUAL PUSH 4 SMS ====== <br/>
30/04/2021 02:58:01<br/>
 echo fichier MPUSH non trouve<br/><br/><br/>


 ========== EXECUTION MANUAL PUSH 4 SMS ====== <br/>
30/04/2021 02:59:02<br/>
 echo fichier MPUSH non trouve<br/><br/><br/>


 ========== EXECUTION MANUAL PUSH 4 SMS ====== <br/>
30/04/2021 03:00:01<br/>
 echo fichier MPUSH non trouve<br/><br/><br/>


 ========== EXECUTION MANUAL PUSH 4 SMS ====== <br/>
30/04/2021 03:01:04<br/>
 echo fichier MPUSH non trouve<br/><br/><br/>


 ========== EXECUTION MANUAL PUSH 4 SMS ====== <br/>
30/04/2021 03:02:01<br/>
 echo fichier MPUSH non trouve<br/><br/><br/>


 ========== EXECUTION MANUAL PUSH 4 SMS ====== <br/>
30/04/2021 03:03:01<br/>
 echo fichier MPUSH non trouve<br/><br/><br/>


 ========== EXECUTION MANUAL PUSH 4 SMS ====== <br/>
30/04/2021 03:04:02<br/>
 echo fichier MPUSH non trouve<br/><br/><br/>


 ========== EXECUTION MANUAL PUSH 4 SMS ====== <br/>
30/04/2021 03:05:02<br/>
 echo fichier MPUSH non trouve<br/><br/><br/>


 ========== EXECUTION MANUAL PUSH 4 SMS ====== <br/>
30/04/2021 03:06:02<br/>
 echo fichier MPUSH non trouve<br/><br/><br/>


 ========== EXECUTION MANUAL PUSH 4 SMS ====== <br/>
30/04/2021 03:07:02<br/>
 echo fichier MPUSH non trouve<br/><br/><br/>


 ========== EXECUTION MANUAL PUSH 4 SMS ====== <br/>
30/04/2021 03:08:01<br/>
 echo fichier MPUSH non trouve<br/><br/><br/>


 ========== EXECUTION MANUAL PUSH 4 SMS ====== <br/>
30/04/2021 03:09:02<br/>
 echo fichier MPUSH non trouve<br/><br/><br/>


 ========== EXECUTION MANUAL PUSH 4 SMS ====== <br/>
30/04/2021 03:10:02<br/>
 echo fichier MPUSH non trouve<br/><br/><br/>


 ========== EXECUTION MANUAL PUSH 4 SMS ====== <br/>
30/04/2021 03:11:01<br/>
 echo fichier MPUSH non trouve<br/><br/><br/>


 ========== EXECUTION MANUAL PUSH 4 SMS ====== <br/>
30/04/2021 03:12:03<br/>
 echo fichier MPUSH non trouve<br/><br/><br/>


 ========== EXECUTION MANUAL PUSH 4 SMS ====== <br/>
30/04/2021 03:13:02<br/>
 echo fichier MPUSH non trouve<br/><br/><br/>


 ========== EXECUTION MANUAL PUSH 4 SMS ====== <br/>
30/04/2021 03:14:01<br/>
 echo fichier MPUSH non trouve<br/><br/><br/>


 ========== EXECUTION MANUAL PUSH 4 SMS ====== <br/>
30/04/2021 03:15:02<br/>
 echo fichier MPUSH non trouve<br/><br/><br/>


 ========== EXECUTION MANUAL PUSH 4 SMS ====== <br/>
30/04/2021 03:16:02<br/>
 echo fichier MPUSH non trouve<br/><br/><br/>


 ========== EXECUTION MANUAL PUSH 4 SMS ====== <br/>
30/04/2021 03:17:02<br/>
 echo fichier MPUSH non trouve<br/><br/><br/>


 ========== EXECUTION MANUAL PUSH 4 SMS ====== <br/>
30/04/2021 03:18:02<br/>
 echo fichier MPUSH non trouve<br/><br/><br/>


 ========== EXECUTION MANUAL PUSH 4 SMS ====== <br/>
30/04/2021 03:19:02<br/>
 echo fichier MPUSH non trouve<br/><br/><br/>


 ========== EXECUTION MANUAL PUSH 4 SMS ====== <br/>
30/04/2021 03:20:04<br/>
 echo fichier MPUSH non trouve<br/><br/><br/>


 ========== EXECUTION MANUAL PUSH 4 SMS ====== <br/>
30/04/2021 03:21:20<br/>
 echo fichier MPUSH non trouve<br/><br/><br/>


 ========== EXECUTION MANUAL PUSH 4 SMS ====== <br/>
30/04/2021 03:22:06<br/>
 echo fichier MPUSH non trouve<br/><br/><br/>


 ========== EXECUTION MANUAL PUSH 4 SMS ====== <br/>
30/04/2021 03:23:04<br/>
 echo fichier MPUSH non trouve<br/><br/><br/>


 ========== EXECUTION MANUAL PUSH 4 SMS ====== <br/>
30/04/2021 03:24:03<br/>
 echo fichier MPUSH non trouve<br/><br/><br/>


 ========== EXECUTION MANUAL PUSH 4 SMS ====== <br/>
30/04/2021 03:25:02<br/>
 echo fichier MPUSH non trouve<br/><br/><br/>


 ========== EXECUTION MANUAL PUSH 4 SMS ====== <br/>
30/04/2021 03:26:01<br/>
 echo fichier MPUSH non trouve<br/><br/><br/>


 ========== EXECUTION MANUAL PUSH 4 SMS ====== <br/>
30/04/2021 03:27:02<br/>
 echo fichier MPUSH non trouve<br/><br/><br/>


 ========== EXECUTION MANUAL PUSH 4 SMS ====== <br/>
30/04/2021 03:28:01<br/>
 echo fichier MPUSH non trouve<br/><br/><br/>


 ========== EXECUTION MANUAL PUSH 4 SMS ====== <br/>
30/04/2021 03:29:01<br/>
 echo fichier MPUSH non trouve<br/><br/><br/>


 ========== EXECUTION MANUAL PUSH 4 SMS ====== <br/>
30/04/2021 03:30:01<br/>
 echo fichier MPUSH non trouve<br/><br/><br/>


 ========== EXECUTION MANUAL PUSH 4 SMS ====== <br/>
30/04/2021 03:31:02<br/>
 echo fichier MPUSH non trouve<br/><br/><br/>


 ========== EXECUTION MANUAL PUSH 4 SMS ====== <br/>
30/04/2021 03:32:02<br/>
 echo fichier MPUSH non trouve<br/><br/><br/>


 ========== EXECUTION MANUAL PUSH 4 SMS ====== <br/>
30/04/2021 03:33:02<br/>
 echo fichier MPUSH non trouve<br/>
 echo fichier MPUSH non trouve<br/><br/><br/>


 ========== EXECUTION MANUAL PUSH 4 SMS ====== <br/>
30/04/2021 03:34:02<br/>
 echo fichier MPUSH non trouve<br/><br/><br/>


 ========== EXECUTION MANUAL PUSH 4 SMS ====== <br/>
30/04/2021 03:35:02<br/>
 echo fichier MPUSH non trouve<br/><br/><br/>


 ========== EXECUTION MANUAL PUSH 4 SMS ====== <br/>
30/04/2021 03:36:02<br/>
 echo fichier MPUSH non trouve<br/><br/><br/>


 ========== EXECUTION MANUAL PUSH 4 SMS ====== <br/>
30/04/2021 03:37:01<br/>
 echo fichier MPUSH non trouve<br/><br/><br/>


 ========== EXECUTION MANUAL PUSH 4 SMS ====== <br/>
30/04/2021 03:38:02<br/>
 echo fichier MPUSH non trouve<br/><br/><br/>


 ========== EXECUTION MANUAL PUSH 4 SMS ====== <br/>
30/04/2021 03:39:02<br/>
 echo fichier MPUSH non trouve<br/><br/><br/>


 ========== EXECUTION MANUAL PUSH 4 SMS ====== <br/>
30/04/2021 03:40:02<br/>
 echo fichier MPUSH non trouve<br/><br/><br/>


 ========== EXECUTION MANUAL PUSH 4 SMS ====== <br/>
30/04/2021 03:41:02<br/>
 echo fichier MPUSH non trouve<br/><br/><br/>


 ========== EXECUTION MANUAL PUSH 4 SMS ====== <br/>
30/04/2021 03:42:02<br/>
 echo fichier MPUSH non trouve<br/><br/><br/>


 ========== EXECUTION MANUAL PUSH 4 SMS ====== <br/>
30/04/2021 03:43:01<br/>
 echo fichier MPUSH non trouve<br/><br/><br/>


 ========== EXECUTION MANUAL PUSH 4 SMS ====== <br/>
30/04/2021 03:44:02<br/>
 echo fichier MPUSH non trouve<br/><br/><br/>


 ========== EXECUTION MANUAL PUSH 4 SMS ====== <br/>
30/04/2021 03:45:02<br/>
 echo fichier MPUSH non trouve<br/><br/><br/>


 ========== EXECUTION MANUAL PUSH 4 SMS ====== <br/>
30/04/2021 03:46:02<br/>
 echo fichier MPUSH non trouve<br/><br/><br/>


 ========== EXECUTION MANUAL PUSH 4 SMS ====== <br/>
30/04/2021 03:47:02<br/>
 echo fichier MPUSH non trouve<br/><br/><br/>


 ========== EXECUTION MANUAL PUSH 4 SMS ====== <br/>
30/04/2021 03:48:02<br/>
 echo fichier MPUSH non trouve<br/><br/><br/>


 ========== EXECUTION MANUAL PUSH 4 SMS ====== <br/>
30/04/2021 03:49:01<br/>
 echo fichier MPUSH non trouve<br/><br/><br/>


 ========== EXECUTION MANUAL PUSH 4 SMS ====== <br/>
30/04/2021 03:50:01<br/>
 echo fichier MPUSH non trouve<br/><br/><br/>


 ========== EXECUTION MANUAL PUSH 4 SMS ====== <br/>
30/04/2021 03:51:01<br/>
 echo fichier MPUSH non trouve<br/><br/><br/>


 ========== EXECUTION MANUAL PUSH 4 SMS ====== <br/>
30/04/2021 03:52:02<br/>
 echo fichier MPUSH non trouve<br/><br/><br/>


 ========== EXECUTION MANUAL PUSH 4 SMS ====== <br/>
30/04/2021 03:53:02<br/>
 echo fichier MPUSH non trouve<br/><br/><br/>


 ========== EXECUTION MANUAL PUSH 4 SMS ====== <br/>
30/04/2021 03:54:02<br/>
 echo fichier MPUSH non trouve<br/><br/><br/>


 ========== EXECUTION MANUAL PUSH 4 SMS ====== <br/>
30/04/2021 03:55:02<br/>
 echo fichier MPUSH non trouve<br/><br/><br/>


 ========== EXECUTION MANUAL PUSH 4 SMS ====== <br/>
30/04/2021 03:56:01<br/>
 echo fichier MPUSH non trouve<br/><br/><br/>


 ========== EXECUTION MANUAL PUSH 4 SMS ====== <br/>
30/04/2021 03:57:02<br/>
 echo fichier MPUSH non trouve<br/><br/><br/>


 ========== EXECUTION MANUAL PUSH 4 SMS ====== <br/>
30/04/2021 03:58:03<br/>
 echo fichier MPUSH non trouve<br/><br/><br/>


 ========== EXECUTION MANUAL PUSH 4 SMS ====== <br/>
30/04/2021 03:59:01<br/>
 echo fichier MPUSH non trouve<br/><br/><br/>


 ========== EXECUTION MANUAL PUSH 4 SMS ====== <br/>
30/04/2021 04:00:02<br/>
 echo fichier MPUSH non trouve<br/><br/><br/>


 ========== EXECUTION MANUAL PUSH 4 SMS ====== <br/>
30/04/2021 04:01:03<br/>
 echo fichier MPUSH non trouve<br/><br/><br/>


 ========== EXECUTION MANUAL PUSH 4 SMS ====== <br/>
30/04/2021 04:02:01<br/>
 echo fichier MPUSH non trouve<br/><br/><br/>


 ========== EXECUTION MANUAL PUSH 4 SMS ====== <br/>
30/04/2021 04:03:01<br/>
 echo fichier MPUSH non trouve<br/><br/><br/>


 ========== EXECUTION MANUAL PUSH 4 SMS ====== <br/>
30/04/2021 04:04:02<br/>
 echo fichier MPUSH non trouve<br/><br/><br/>


 ========== EXECUTION MANUAL PUSH 4 SMS ====== <br/>
30/04/2021 04:05:01<br/>
 echo fichier MPUSH non trouve<br/><br/><br/>


 ========== EXECUTION MANUAL PUSH 4 SMS ====== <br/>
30/04/2021 04:06:02<br/>
 echo fichier MPUSH non trouve<br/><br/><br/>


 ========== EXECUTION MANUAL PUSH 4 SMS ====== <br/>
30/04/2021 04:07:02<br/>
 echo fichier MPUSH non trouve<br/><br/><br/>


 ========== EXECUTION MANUAL PUSH 4 SMS ====== <br/>
30/04/2021 04:08:01<br/>
 echo fichier MPUSH non trouve<br/><br/><br/>


 ========== EXECUTION MANUAL PUSH 4 SMS ====== <br/>
30/04/2021 04:09:02<br/>
 echo fichier MPUSH non trouve<br/><br/><br/>


 ========== EXECUTION MANUAL PUSH 4 SMS ====== <br/>
30/04/2021 04:10:02<br/>
 echo fichier MPUSH non trouve<br/><br/><br/>


 ========== EXECUTION MANUAL PUSH 4 SMS ====== <br/>
30/04/2021 04:11:03<br/>
 echo fichier MPUSH non trouve<br/><br/><br/>


 ========== EXECUTION MANUAL PUSH 4 SMS ====== <br/>
30/04/2021 04:12:02<br/>
 echo fichier MPUSH non trouve<br/><br/><br/>


 ========== EXECUTION MANUAL PUSH 4 SMS ====== <br/>
30/04/2021 04:13:02<br/>
 echo fichier MPUSH non trouve<br/><br/><br/>


 ========== EXECUTION MANUAL PUSH 4 SMS ====== <br/>
30/04/2021 04:14:01<br/>
 echo fichier MPUSH non trouve<br/><br/><br/>


 ========== EXECUTION MANUAL PUSH 4 SMS ====== <br/>
30/04/2021 04:15:01<br/>
 echo fichier MPUSH non trouve<br/><br/><br/>


 ========== EXECUTION MANUAL PUSH 4 SMS ====== <br/>
30/04/2021 04:16:02<br/>
 echo fichier MPUSH non trouve<br/><br/><br/>


 ========== EXECUTION MANUAL PUSH 4 SMS ====== <br/>
30/04/2021 04:17:01<br/>
 echo fichier MPUSH non trouve<br/><br/><br/>


 ========== EXECUTION MANUAL PUSH 4 SMS ====== <br/>
30/04/2021 04:18:02<br/>
 echo fichier MPUSH non trouve<br/><br/><br/>


 ========== EXECUTION MANUAL PUSH 4 SMS ====== <br/>
30/04/2021 04:19:01<br/>
 echo fichier MPUSH non trouve<br/><br/><br/>


 ========== EXECUTION MANUAL PUSH 4 SMS ====== <br/>
30/04/2021 04:20:02<br/>
 echo fichier MPUSH non trouve<br/><br/><br/>


 ========== EXECUTION MANUAL PUSH 4 SMS ====== <br/>
30/04/2021 04:21:01<br/>
 echo fichier MPUSH non trouve<br/><br/><br/>


 ========== EXECUTION MANUAL PUSH 4 SMS ====== <br/>
30/04/2021 04:22:02<br/>
 echo fichier MPUSH non trouve<br/><br/><br/>


 ========== EXECUTION MANUAL PUSH 4 SMS ====== <br/>
30/04/2021 04:23:01<br/>
 echo fichier MPUSH non trouve<br/><br/><br/>


 ========== EXECUTION MANUAL PUSH 4 SMS ====== <br/>
30/04/2021 04:24:01<br/>
 echo fichier MPUSH non trouve<br/><br/><br/>


 ========== EXECUTION MANUAL PUSH 4 SMS ====== <br/>
30/04/2021 04:25:02<br/>
 echo fichier MPUSH non trouve<br/><br/><br/>


 ========== EXECUTION MANUAL PUSH 4 SMS ====== <br/>
30/04/2021 04:26:02<br/>
 echo fichier MPUSH non trouve<br/><br/><br/>


 ========== EXECUTION MANUAL PUSH 4 SMS ====== <br/>
30/04/2021 04:27:02<br/>
 echo fichier MPUSH non trouve<br/><br/><br/>


 ========== EXECUTION MANUAL PUSH 4 SMS ====== <br/>
30/04/2021 04:28:02<br/>
 echo fichier MPUSH non trouve<br/><br/><br/>


 ========== EXECUTION MANUAL PUSH 4 SMS ====== <br/>
30/04/2021 04:29:02<br/>
 echo fichier MPUSH non trouve<br/><br/><br/>


 ========== EXECUTION MANUAL PUSH 4 SMS ====== <br/>
30/04/2021 04:30:01<br/>
 echo fichier MPUSH non trouve<br/><br/><br/>


 ========== EXECUTION MANUAL PUSH 4 SMS ====== <br/>
30/04/2021 04:31:03<br/>
 echo fichier MPUSH non trouve<br/><br/><br/>


 ========== EXECUTION MANUAL PUSH 4 SMS ====== <br/>
30/04/2021 04:32:02<br/>
 echo fichier MPUSH non trouve<br/><br/><br/>


 ========== EXECUTION MANUAL PUSH 4 SMS ====== <br/>
30/04/2021 04:33:02<br/>
 echo fichier MPUSH non trouve<br/><br/><br/>


 ========== EXECUTION MANUAL PUSH 4 SMS ====== <br/>
30/04/2021 04:34:01<br/>
 echo fichier MPUSH non trouve<br/><br/><br/>


 ========== EXECUTION MANUAL PUSH 4 SMS ====== <br/>
30/04/2021 04:35:03<br/>
 echo fichier MPUSH non trouve<br/><br/><br/>


 ========== EXECUTION MANUAL PUSH 4 SMS ====== <br/>
30/04/2021 04:36:02<br/>
 echo fichier MPUSH non trouve<br/><br/><br/>


 ========== EXECUTION MANUAL PUSH 4 SMS ====== <br/>
30/04/2021 04:37:02<br/>
 echo fichier MPUSH non trouve<br/><br/><br/>


 ========== EXECUTION MANUAL PUSH 4 SMS ====== <br/>
30/04/2021 04:38:02<br/>
 echo fichier MPUSH non trouve<br/><br/><br/>


 ========== EXECUTION MANUAL PUSH 4 SMS ====== <br/>
30/04/2021 04:39:02<br/>
 echo fichier MPUSH non trouve<br/><br/><br/>


 ========== EXECUTION MANUAL PUSH 4 SMS ====== <br/>
30/04/2021 04:40:01<br/>
 echo fichier MPUSH non trouve<br/><br/><br/>


 ========== EXECUTION MANUAL PUSH 4 SMS ====== <br/>
30/04/2021 04:41:02<br/>
 echo fichier MPUSH non trouve<br/><br/><br/>


 ========== EXECUTION MANUAL PUSH 4 SMS ====== <br/>
30/04/2021 04:42:02<br/>
 echo fichier MPUSH non trouve<br/><br/><br/>


 ========== EXECUTION MANUAL PUSH 4 SMS ====== <br/>
30/04/2021 04:43:02<br/>
 echo fichier MPUSH non trouve<br/><br/><br/>


 ========== EXECUTION MANUAL PUSH 4 SMS ====== <br/>
30/04/2021 04:44:02<br/>
 echo fichier MPUSH non trouve<br/><br/><br/>


 ========== EXECUTION MANUAL PUSH 4 SMS ====== <br/>
30/04/2021 04:45:03<br/>
 echo fichier MPUSH non trouve<br/><br/><br/>


 ========== EXECUTION MANUAL PUSH 4 SMS ====== <br/>
30/04/2021 04:46:02<br/>
 echo fichier MPUSH non trouve<br/><br/><br/>


 ========== EXECUTION MANUAL PUSH 4 SMS ====== <br/>
30/04/2021 04:47:03<br/>
 echo fichier MPUSH non trouve<br/><br/><br/>


 ========== EXECUTION MANUAL PUSH 4 SMS ====== <br/>
30/04/2021 04:48:01<br/>
 echo fichier MPUSH non trouve<br/><br/><br/>


 ========== EXECUTION MANUAL PUSH 4 SMS ====== <br/>
30/04/2021 04:49:03<br/>
 echo fichier MPUSH non trouve<br/><br/><br/>


 ========== EXECUTION MANUAL PUSH 4 SMS ====== <br/>
30/04/2021 04:50:02<br/>
 echo fichier MPUSH non trouve<br/><br/><br/>


 ========== EXECUTION MANUAL PUSH 4 SMS ====== <br/>
30/04/2021 04:51:02<br/>
 echo fichier MPUSH non trouve<br/><br/><br/>


 ========== EXECUTION MANUAL PUSH 4 SMS ====== <br/>
30/04/2021 04:52:02<br/>
 echo fichier MPUSH non trouve<br/><br/><br/>


 ========== EXECUTION MANUAL PUSH 4 SMS ====== <br/>
30/04/2021 04:53:01<br/>
 echo fichier MPUSH non trouve<br/><br/><br/>


 ========== EXECUTION MANUAL PUSH 4 SMS ====== <br/>
30/04/2021 04:54:02<br/>
 echo fichier MPUSH non trouve<br/><br/><br/>


 ========== EXECUTION MANUAL PUSH 4 SMS ====== <br/>
30/04/2021 04:55:01<br/>
 echo fichier MPUSH non trouve<br/><br/><br/>


 ========== EXECUTION MANUAL PUSH 4 SMS ====== <br/>
30/04/2021 04:56:02<br/>
 echo fichier MPUSH non trouve<br/><br/><br/>


 ========== EXECUTION MANUAL PUSH 4 SMS ====== <br/>
30/04/2021 04:57:02<br/>
 echo fichier MPUSH non trouve<br/><br/><br/>


 ========== EXECUTION MANUAL PUSH 4 SMS ====== <br/>
30/04/2021 04:58:01<br/>
 echo fichier MPUSH non trouve<br/><br/><br/>


 ========== EXECUTION MANUAL PUSH 4 SMS ====== <br/>
30/04/2021 04:59:02<br/>
 echo fichier MPUSH non trouve<br/><br/><br/>


 ========== EXECUTION MANUAL PUSH 4 SMS ====== <br/>
30/04/2021 05:00:04<br/>
 echo fichier MPUSH non trouve<br/><br/><br/>


 ========== EXECUTION MANUAL PUSH 4 SMS ====== <br/>
30/04/2021 05:01:03<br/>
 echo fichier MPUSH non trouve<br/><br/><br/>


 ========== EXECUTION MANUAL PUSH 4 SMS ====== <br/>
30/04/2021 05:02:01<br/>
 echo fichier MPUSH non trouve<br/><br/><br/>


 ========== EXECUTION MANUAL PUSH 4 SMS ====== <br/>
30/04/2021 05:03:02<br/>
 echo fichier MPUSH non trouve<br/><br/><br/>


 ========== EXECUTION MANUAL PUSH 4 SMS ====== <br/>
30/04/2021 05:04:02<br/>
 echo fichier MPUSH non trouve<br/><br/><br/>


 ========== EXECUTION MANUAL PUSH 4 SMS ====== <br/>
30/04/2021 05:05:02<br/>
 echo fichier MPUSH non trouve<br/><br/><br/>


 ========== EXECUTION MANUAL PUSH 4 SMS ====== <br/>
30/04/2021 05:06:02<br/>
 echo fichier MPUSH non trouve<br/><br/><br/>


 ========== EXECUTION MANUAL PUSH 4 SMS ====== <br/>
30/04/2021 05:07:03<br/>
 echo fichier MPUSH non trouve<br/><br/><br/>


 ========== EXECUTION MANUAL PUSH 4 SMS ====== <br/>
30/04/2021 05:08:02<br/>
 echo fichier MPUSH non trouve<br/><br/><br/>


 ========== EXECUTION MANUAL PUSH 4 SMS ====== <br/>
30/04/2021 05:09:03<br/>
 echo fichier MPUSH non trouve<br/><br/><br/>


 ========== EXECUTION MANUAL PUSH 4 SMS ====== <br/>
30/04/2021 05:10:01<br/>
 echo fichier MPUSH non trouve<br/><br/><br/>


 ========== EXECUTION MANUAL PUSH 4 SMS ====== <br/>
30/04/2021 05:11:02<br/>
 echo fichier MPUSH non trouve<br/><br/><br/>


 ========== EXECUTION MANUAL PUSH 4 SMS ====== <br/>
30/04/2021 05:12:01<br/>
 echo fichier MPUSH non trouve<br/><br/><br/>


 ========== EXECUTION MANUAL PUSH 4 SMS ====== <br/>
30/04/2021 05:13:01<br/>
 echo fichier MPUSH non trouve<br/><br/><br/>


 ========== EXECUTION MANUAL PUSH 4 SMS ====== <br/>
30/04/2021 05:14:01<br/>
 echo fichier MPUSH non trouve<br/><br/><br/>


 ========== EXECUTION MANUAL PUSH 4 SMS ====== <br/>
30/04/2021 05:15:02<br/>
 echo fichier MPUSH non trouve<br/><br/><br/>


 ========== EXECUTION MANUAL PUSH 4 SMS ====== <br/>
30/04/2021 05:16:02<br/>
 echo fichier MPUSH non trouve<br/><br/><br/>


 ========== EXECUTION MANUAL PUSH 4 SMS ====== <br/>
30/04/2021 05:17:01<br/>
 echo fichier MPUSH non trouve<br/><br/><br/>


 ========== EXECUTION MANUAL PUSH 4 SMS ====== <br/>
30/04/2021 05:18:02<br/>
 echo fichier MPUSH non trouve<br/><br/><br/>


 ========== EXECUTION MANUAL PUSH 4 SMS ====== <br/>
30/04/2021 05:19:02<br/>
 echo fichier MPUSH non trouve<br/><br/><br/>


 ========== EXECUTION MANUAL PUSH 4 SMS ====== <br/>
30/04/2021 05:20:01<br/>
 echo fichier MPUSH non trouve<br/><br/><br/>


 ========== EXECUTION MANUAL PUSH 4 SMS ====== <br/>
30/04/2021 05:21:02<br/>
 echo fichier MPUSH non trouve<br/><br/><br/>


 ========== EXECUTION MANUAL PUSH 4 SMS ====== <br/>
30/04/2021 05:22:01<br/>
 echo fichier MPUSH non trouve<br/><br/><br/>


 ========== EXECUTION MANUAL PUSH 4 SMS ====== <br/>
30/04/2021 05:23:02<br/>
 echo fichier MPUSH non trouve<br/><br/><br/>


 ========== EXECUTION MANUAL PUSH 4 SMS ====== <br/>
30/04/2021 05:24:03<br/>
 echo fichier MPUSH non trouve<br/><br/><br/>


 ========== EXECUTION MANUAL PUSH 4 SMS ====== <br/>
30/04/2021 05:25:02<br/>
 echo fichier MPUSH non trouve<br/><br/><br/>


 ========== EXECUTION MANUAL PUSH 4 SMS ====== <br/>
30/04/2021 05:26:01<br/>
 echo fichier MPUSH non trouve<br/><br/><br/>


 ========== EXECUTION MANUAL PUSH 4 SMS ====== <br/>
30/04/2021 05:27:02<br/>
 echo fichier MPUSH non trouve<br/><br/><br/>


 ========== EXECUTION MANUAL PUSH 4 SMS ====== <br/>
30/04/2021 05:28:01<br/>
 echo fichier MPUSH non trouve<br/><br/><br/>


 ========== EXECUTION MANUAL PUSH 4 SMS ====== <br/>
30/04/2021 05:29:02<br/>
 echo fichier MPUSH non trouve<br/><br/><br/>


 ========== EXECUTION MANUAL PUSH 4 SMS ====== <br/>
30/04/2021 05:30:03<br/>
 echo fichier MPUSH non trouve<br/><br/><br/>


 ========== EXECUTION MANUAL PUSH 4 SMS ====== <br/>
30/04/2021 05:31:01<br/>
 echo fichier MPUSH non trouve<br/>
 echo fichier MPUSH non trouve<br/><br/><br/>


 ========== EXECUTION MANUAL PUSH 4 SMS ====== <br/>
30/04/2021 05:32:01<br/>
 echo fichier MPUSH non trouve<br/><br/><br/>


 ========== EXECUTION MANUAL PUSH 4 SMS ====== <br/>
30/04/2021 05:33:02<br/>
 echo fichier MPUSH non trouve<br/><br/><br/>


 ========== EXECUTION MANUAL PUSH 4 SMS ====== <br/>
30/04/2021 05:34:02<br/>
 echo fichier MPUSH non trouve<br/><br/><br/>


 ========== EXECUTION MANUAL PUSH 4 SMS ====== <br/>
30/04/2021 05:35:01<br/>
 echo fichier MPUSH non trouve<br/><br/><br/>


 ========== EXECUTION MANUAL PUSH 4 SMS ====== <br/>
30/04/2021 05:36:02<br/>
 echo fichier MPUSH non trouve<br/><br/><br/>


 ========== EXECUTION MANUAL PUSH 4 SMS ====== <br/>
30/04/2021 05:37:02<br/>
 echo fichier MPUSH non trouve<br/><br/><br/>


 ========== EXECUTION MANUAL PUSH 4 SMS ====== <br/>
30/04/2021 05:38:02<br/>
 echo fichier MPUSH non trouve<br/><br/><br/>


 ========== EXECUTION MANUAL PUSH 4 SMS ====== <br/>
30/04/2021 05:39:02<br/>
 echo fichier MPUSH non trouve<br/><br/><br/>


 ========== EXECUTION MANUAL PUSH 4 SMS ====== <br/>
30/04/2021 05:40:02<br/>
 echo fichier MPUSH non trouve<br/><br/><br/>


 ========== EXECUTION MANUAL PUSH 4 SMS ====== <br/>
30/04/2021 05:41:02<br/>
 echo fichier MPUSH non trouve<br/><br/><br/>


 ========== EXECUTION MANUAL PUSH 4 SMS ====== <br/>
30/04/2021 05:42:01<br/>
 echo fichier MPUSH non trouve<br/><br/><br/>


 ========== EXECUTION MANUAL PUSH 4 SMS ====== <br/>
30/04/2021 05:43:02<br/>
 echo fichier MPUSH non trouve<br/><br/><br/>


 ========== EXECUTION MANUAL PUSH 4 SMS ====== <br/>
30/04/2021 05:44:02<br/>
 echo fichier MPUSH non trouve<br/><br/><br/>


 ========== EXECUTION MANUAL PUSH 4 SMS ====== <br/>
30/04/2021 05:45:02<br/>
 echo fichier MPUSH non trouve<br/><br/><br/>


 ========== EXECUTION MANUAL PUSH 4 SMS ====== <br/>
30/04/2021 05:46:02<br/>
 echo fichier MPUSH non trouve<br/><br/><br/>


 ========== EXECUTION MANUAL PUSH 4 SMS ====== <br/>
30/04/2021 05:47:01<br/>
 echo fichier MPUSH non trouve<br/><br/><br/>


 ========== EXECUTION MANUAL PUSH 4 SMS ====== <br/>
30/04/2021 05:48:01<br/>
 echo fichier MPUSH non trouve<br/><br/><br/>


 ========== EXECUTION MANUAL PUSH 4 SMS ====== <br/>
30/04/2021 05:49:01<br/>
 echo fichier MPUSH non trouve<br/><br/><br/>


 ========== EXECUTION MANUAL PUSH 4 SMS ====== <br/>
30/04/2021 05:50:02<br/>
 echo fichier MPUSH non trouve<br/><br/><br/>


 ========== EXECUTION MANUAL PUSH 4 SMS ====== <br/>
30/04/2021 05:51:03<br/>
 echo fichier MPUSH non trouve<br/><br/><br/>


 ========== EXECUTION MANUAL PUSH 4 SMS ====== <br/>
30/04/2021 05:52:03<br/>
 echo fichier MPUSH non trouve<br/><br/><br/>


 ========== EXECUTION MANUAL PUSH 4 SMS ====== <br/>
30/04/2021 05:53:02<br/>
 echo fichier MPUSH non trouve<br/><br/><br/>


 ========== EXECUTION MANUAL PUSH 4 SMS ====== <br/>
30/04/2021 05:54:02<br/>
 echo fichier MPUSH non trouve<br/><br/><br/>


 ========== EXECUTION MANUAL PUSH 4 SMS ====== <br/>
30/04/2021 05:55:02<br/>
 echo fichier MPUSH non trouve<br/><br/><br/>


 ========== EXECUTION MANUAL PUSH 4 SMS ====== <br/>
30/04/2021 05:56:02<br/>
 echo fichier MPUSH non trouve<br/><br/><br/>


 ========== EXECUTION MANUAL PUSH 4 SMS ====== <br/>
30/04/2021 05:57:02<br/>
 echo fichier MPUSH non trouve<br/><br/><br/>


 ========== EXECUTION MANUAL PUSH 4 SMS ====== <br/>
30/04/2021 05:58:02<br/>
 echo fichier MPUSH non trouve<br/><br/><br/>


 ========== EXECUTION MANUAL PUSH 4 SMS ====== <br/>
30/04/2021 05:59:02<br/>
 echo fichier MPUSH non trouve<br/><br/><br/>


 ========== EXECUTION MANUAL PUSH 4 SMS ====== <br/>
30/04/2021 06:00:02<br/>
 echo fichier MPUSH non trouve<br/><br/><br/>


 ========== EXECUTION MANUAL PUSH 4 SMS ====== <br/>
30/04/2021 06:01:01<br/>
 echo fichier MPUSH non trouve<br/><br/><br/>


 ========== EXECUTION MANUAL PUSH 4 SMS ====== <br/>
30/04/2021 06:02:02<br/>
 echo fichier MPUSH non trouve<br/><br/><br/>


 ========== EXECUTION MANUAL PUSH 4 SMS ====== <br/>
30/04/2021 06:03:01<br/>
 echo fichier MPUSH non trouve<br/><br/><br/>


 ========== EXECUTION MANUAL PUSH 4 SMS ====== <br/>
30/04/2021 06:04:02<br/>
 echo fichier MPUSH non trouve<br/>
 echo fichier MPUSH non trouve<br/><br/><br/>


 ========== EXECUTION MANUAL PUSH 4 SMS ====== <br/>
30/04/2021 06:05:02<br/>
 echo fichier MPUSH non trouve<br/><br/><br/>


 ========== EXECUTION MANUAL PUSH 4 SMS ====== <br/>
30/04/2021 06:06:02<br/>
 echo fichier MPUSH non trouve<br/><br/><br/>


 ========== EXECUTION MANUAL PUSH 4 SMS ====== <br/>
30/04/2021 06:07:02<br/>
 echo fichier MPUSH non trouve<br/><br/><br/>


 ========== EXECUTION MANUAL PUSH 4 SMS ====== <br/>
30/04/2021 06:08:02<br/>
 echo fichier MPUSH non trouve<br/><br/><br/>


 ========== EXECUTION MANUAL PUSH 4 SMS ====== <br/>
30/04/2021 06:09:02<br/>
 echo fichier MPUSH non trouve<br/><br/><br/>


 ========== EXECUTION MANUAL PUSH 4 SMS ====== <br/>
30/04/2021 06:10:01<br/>
 echo fichier MPUSH non trouve<br/><br/><br/>


 ========== EXECUTION MANUAL PUSH 4 SMS ====== <br/>
30/04/2021 06:11:02<br/>
 echo fichier MPUSH non trouve<br/><br/><br/>


 ========== EXECUTION MANUAL PUSH 4 SMS ====== <br/>
30/04/2021 06:12:02<br/>
 echo fichier MPUSH non trouve<br/><br/><br/>


 ========== EXECUTION MANUAL PUSH 4 SMS ====== <br/>
30/04/2021 06:13:01<br/>
 echo fichier MPUSH non trouve<br/><br/><br/>


 ========== EXECUTION MANUAL PUSH 4 SMS ====== <br/>
30/04/2021 06:14:02<br/>
 echo fichier MPUSH non trouve<br/><br/><br/>


 ========== EXECUTION MANUAL PUSH 4 SMS ====== <br/>
30/04/2021 06:15:01<br/>
 echo fichier MPUSH non trouve<br/><br/><br/>


 ========== EXECUTION MANUAL PUSH 4 SMS ====== <br/>
30/04/2021 06:16:01<br/>
 echo fichier MPUSH non trouve<br/><br/><br/>


 ========== EXECUTION MANUAL PUSH 4 SMS ====== <br/>
30/04/2021 06:17:01<br/>
 echo fichier MPUSH non trouve<br/><br/><br/>


 ========== EXECUTION MANUAL PUSH 4 SMS ====== <br/>
30/04/2021 06:18:02<br/>
 echo fichier MPUSH non trouve<br/><br/><br/>


 ========== EXECUTION MANUAL PUSH 4 SMS ====== <br/>
30/04/2021 06:19:01<br/>
 echo fichier MPUSH non trouve<br/><br/><br/>


 ========== EXECUTION MANUAL PUSH 4 SMS ====== <br/>
30/04/2021 06:20:01<br/>
 echo fichier MPUSH non trouve<br/><br/><br/>


 ========== EXECUTION MANUAL PUSH 4 SMS ====== <br/>
30/04/2021 06:21:02<br/>
 echo fichier MPUSH non trouve<br/><br/><br/>


 ========== EXECUTION MANUAL PUSH 4 SMS ====== <br/>
30/04/2021 06:22:01<br/>
 echo fichier MPUSH non trouve<br/><br/><br/>


 ========== EXECUTION MANUAL PUSH 4 SMS ====== <br/>
30/04/2021 06:23:02<br/>
 echo fichier MPUSH non trouve<br/><br/><br/>


 ========== EXECUTION MANUAL PUSH 4 SMS ====== <br/>
30/04/2021 06:24:01<br/>
 echo fichier MPUSH non trouve<br/><br/><br/>


 ========== EXECUTION MANUAL PUSH 4 SMS ====== <br/>
30/04/2021 06:25:02<br/>
 echo fichier MPUSH non trouve<br/><br/><br/>


 ========== EXECUTION MANUAL PUSH 4 SMS ====== <br/>
30/04/2021 06:26:01<br/>
 echo fichier MPUSH non trouve<br/><br/><br/>


 ========== EXECUTION MANUAL PUSH 4 SMS ====== <br/>
30/04/2021 06:27:01<br/>
 echo fichier MPUSH non trouve<br/><br/><br/>


 ========== EXECUTION MANUAL PUSH 4 SMS ====== <br/>
30/04/2021 06:28:02<br/>
 echo fichier MPUSH non trouve<br/><br/><br/>


 ========== EXECUTION MANUAL PUSH 4 SMS ====== <br/>
30/04/2021 06:29:02<br/>
 echo fichier MPUSH non trouve<br/><br/><br/>


 ========== EXECUTION MANUAL PUSH 4 SMS ====== <br/>
30/04/2021 06:30:02<br/>
 echo fichier MPUSH non trouve<br/><br/><br/>


 ========== EXECUTION MANUAL PUSH 4 SMS ====== <br/>
30/04/2021 06:31:02<br/>
 echo fichier MPUSH non trouve<br/><br/><br/>


 ========== EXECUTION MANUAL PUSH 4 SMS ====== <br/>
30/04/2021 06:32:02<br/>
 echo fichier MPUSH non trouve<br/><br/><br/>


 ========== EXECUTION MANUAL PUSH 4 SMS ====== <br/>
30/04/2021 06:33:02<br/>
 echo fichier MPUSH non trouve<br/><br/><br/>


 ========== EXECUTION MANUAL PUSH 4 SMS ====== <br/>
30/04/2021 06:34:02<br/>
 echo fichier MPUSH non trouve<br/><br/><br/>


 ========== EXECUTION MANUAL PUSH 4 SMS ====== <br/>
30/04/2021 06:35:01<br/>
 echo fichier MPUSH non trouve<br/><br/><br/>


 ========== EXECUTION MANUAL PUSH 4 SMS ====== <br/>
30/04/2021 06:36:01<br/>
 echo fichier MPUSH non trouve<br/><br/><br/>


 ========== EXECUTION MANUAL PUSH 4 SMS ====== <br/>
30/04/2021 06:37:02<br/>
 echo fichier MPUSH non trouve<br/><br/><br/>


 ========== EXECUTION MANUAL PUSH 4 SMS ====== <br/>
30/04/2021 06:38:02<br/>
 echo fichier MPUSH non trouve<br/><br/><br/>


 ========== EXECUTION MANUAL PUSH 4 SMS ====== <br/>
30/04/2021 06:39:01<br/>
 echo fichier MPUSH non trouve<br/><br/><br/>


 ========== EXECUTION MANUAL PUSH 4 SMS ====== <br/>
30/04/2021 06:40:01<br/>
 echo fichier MPUSH non trouve<br/><br/><br/>


 ========== EXECUTION MANUAL PUSH 4 SMS ====== <br/>
30/04/2021 06:41:02<br/>
 echo fichier MPUSH non trouve<br/><br/><br/>


 ========== EXECUTION MANUAL PUSH 4 SMS ====== <br/>
30/04/2021 06:42:03<br/>
 echo fichier MPUSH non trouve<br/><br/><br/>


 ========== EXECUTION MANUAL PUSH 4 SMS ====== <br/>
30/04/2021 06:43:02<br/>
 echo fichier MPUSH non trouve<br/><br/><br/>


 ========== EXECUTION MANUAL PUSH 4 SMS ====== <br/>
30/04/2021 06:44:02<br/>
 echo fichier MPUSH non trouve<br/><br/><br/>


 ========== EXECUTION MANUAL PUSH 4 SMS ====== <br/>
30/04/2021 06:45:01<br/>
 echo fichier MPUSH non trouve<br/><br/><br/>


 ========== EXECUTION MANUAL PUSH 4 SMS ====== <br/>
30/04/2021 06:46:02<br/>
 echo fichier MPUSH non trouve<br/>
 echo fichier MPUSH non trouve<br/><br/><br/>


 ========== EXECUTION MANUAL PUSH 4 SMS ====== <br/>
30/04/2021 06:47:02<br/>
 echo fichier MPUSH non trouve<br/><br/><br/>


 ========== EXECUTION MANUAL PUSH 4 SMS ====== <br/>
30/04/2021 06:48:01<br/>
 echo fichier MPUSH non trouve<br/><br/><br/>


 ========== EXECUTION MANUAL PUSH 4 SMS ====== <br/>
30/04/2021 06:49:02<br/>
 echo fichier MPUSH non trouve<br/><br/><br/>


 ========== EXECUTION MANUAL PUSH 4 SMS ====== <br/>
30/04/2021 06:50:02<br/>
 echo fichier MPUSH non trouve<br/><br/><br/>


 ========== EXECUTION MANUAL PUSH 4 SMS ====== <br/>
30/04/2021 06:51:01<br/>
 echo fichier MPUSH non trouve<br/><br/><br/>


 ========== EXECUTION MANUAL PUSH 4 SMS ====== <br/>
30/04/2021 06:52:02<br/>
 echo fichier MPUSH non trouve<br/><br/><br/>


 ========== EXECUTION MANUAL PUSH 4 SMS ====== <br/>
30/04/2021 06:53:02<br/>
 echo fichier MPUSH non trouve<br/><br/><br/>


 ========== EXECUTION MANUAL PUSH 4 SMS ====== <br/>
30/04/2021 06:54:02<br/>
 echo fichier MPUSH non trouve<br/><br/><br/>


 ========== EXECUTION MANUAL PUSH 4 SMS ====== <br/>
30/04/2021 06:55:01<br/>
 echo fichier MPUSH non trouve<br/><br/><br/>


 ========== EXECUTION MANUAL PUSH 4 SMS ====== <br/>
30/04/2021 06:56:01<br/>
 echo fichier MPUSH non trouve<br/><br/><br/>


 ========== EXECUTION MANUAL PUSH 4 SMS ====== <br/>
30/04/2021 06:57:02<br/>
 echo fichier MPUSH non trouve<br/><br/><br/>


 ========== EXECUTION MANUAL PUSH 4 SMS ====== <br/>
30/04/2021 06:58:02<br/>
 echo fichier MPUSH non trouve<br/>
 echo fichier MPUSH non trouve<br/><br/><br/>


 ========== EXECUTION MANUAL PUSH 4 SMS ====== <br/>
30/04/2021 06:59:02<br/>
 echo fichier MPUSH non trouve<br/><br/><br/>


 ========== EXECUTION MANUAL PUSH 4 SMS ====== <br/>
30/04/2021 07:00:01<br/>
 echo fichier MPUSH non trouve<br/><br/><br/>


 ========== EXECUTION MANUAL PUSH 4 SMS ====== <br/>
30/04/2021 07:01:02<br/>
 echo fichier MPUSH non trouve<br/><br/><br/>


 ========== EXECUTION MANUAL PUSH 4 SMS ====== <br/>
30/04/2021 07:02:02<br/><br/><br/>


 ========== EXECUTION MANUAL PUSH 4 SMS ====== <br/>
30/04/2021 07:03:01<br/><br/><br/>


 ========== EXECUTION MANUAL PUSH 4 SMS ====== <br/>
30/04/2021 07:04:01<br/><br/><br/>


 ========== EXECUTION MANUAL PUSH 4 SMS ====== <br/>
30/04/2021 07:05:02<br/><br/><br/>


 ========== EXECUTION MANUAL PUSH 4 SMS ====== <br/>
30/04/2021 07:06:02<br/><br/><br/>


 ========== EXECUTION MANUAL PUSH 4 SMS ====== <br/>
30/04/2021 07:07:01<br/><br/><br/>


 ========== EXECUTION MANUAL PUSH 4 SMS ====== <br/>
30/04/2021 07:08:02<br/><br/><br/>


 ========== EXECUTION MANUAL PUSH 4 SMS ====== <br/>
30/04/2021 07:09:01<br/><br/><br/>


 ========== EXECUTION MANUAL PUSH 4 SMS ====== <br/>
30/04/2021 07:10:01<br/><br/><br/>


 ========== EXECUTION MANUAL PUSH 4 SMS ====== <br/>
30/04/2021 07:11:02<br/><br/><br/>


 ========== EXECUTION MANUAL PUSH 4 SMS ====== <br/>
30/04/2021 07:12:02<br/><br/><br/>


 ========== EXECUTION MANUAL PUSH 4 SMS ====== <br/>
30/04/2021 07:13:01<br/><br/><br/>


 ========== EXECUTION MANUAL PUSH 4 SMS ====== <br/>
30/04/2021 07:14:01<br/><br/><br/>


 ========== EXECUTION MANUAL PUSH 4 SMS ====== <br/>
30/04/2021 07:15:01<br/><br/><br/>


 ========== EXECUTION MANUAL PUSH 4 SMS ====== <br/>
30/04/2021 07:16:01<br/><br/><br/>


 ========== EXECUTION MANUAL PUSH 4 SMS ====== <br/>
30/04/2021 07:17:02<br/><br/><br/>


 ========== EXECUTION MANUAL PUSH 4 SMS ====== <br/>
30/04/2021 07:18:02<br/><br/><br/>


 ========== EXECUTION MANUAL PUSH 4 SMS ====== <br/>
30/04/2021 07:19:02<br/><br/><br/>


 ========== EXECUTION MANUAL PUSH 4 SMS ====== <br/>
30/04/2021 07:20:01<br/>
 echo fichier MPUSH non trouve<br/><br/><br/>


 ========== EXECUTION MANUAL PUSH 4 SMS ====== <br/>
30/04/2021 07:21:01<br/><br/><br/>


 ========== EXECUTION MANUAL PUSH 4 SMS ====== <br/>
30/04/2021 07:22:01<br/><br/><br/>


 ========== EXECUTION MANUAL PUSH 4 SMS ====== <br/>
30/04/2021 07:23:02<br/><br/><br/>


 ========== EXECUTION MANUAL PUSH 4 SMS ====== <br/>
30/04/2021 07:24:02<br/><br/><br/>


 ========== EXECUTION MANUAL PUSH 4 SMS ====== <br/>
30/04/2021 07:25:02<br/><br/><br/>


 ========== EXECUTION MANUAL PUSH 4 SMS ====== <br/>
30/04/2021 07:26:01<br/><br/><br/>


 ========== EXECUTION MANUAL PUSH 4 SMS ====== <br/>
30/04/2021 07:27:01<br/><br/><br/>


 ========== EXECUTION MANUAL PUSH 4 SMS ====== <br/>
30/04/2021 07:28:01<br/><br/><br/>


 ========== EXECUTION MANUAL PUSH 4 SMS ====== <br/>
30/04/2021 07:29:01<br/><br/><br/>


 ========== EXECUTION MANUAL PUSH 4 SMS ====== <br/>
30/04/2021 07:30:01<br/><br/><br/>


 ========== EXECUTION MANUAL PUSH 4 SMS ====== <br/>
30/04/2021 07:31:02<br/><br/><br/>


 ========== EXECUTION MANUAL PUSH 4 SMS ====== <br/>
30/04/2021 07:32:01<br/><br/><br/>


 ========== EXECUTION MANUAL PUSH 4 SMS ====== <br/>
30/04/2021 07:33:01<br/>
 echo fichier MPUSH non trouve<br/><br/><br/>


 ========== EXECUTION MANUAL PUSH 4 SMS ====== <br/>
30/04/2021 07:34:01<br/><br/><br/>


 ========== EXECUTION MANUAL PUSH 4 SMS ====== <br/>
30/04/2021 07:35:01<br/><br/><br/>


 ========== EXECUTION MANUAL PUSH 4 SMS ====== <br/>
30/04/2021 07:36:02<br/><br/><br/>


 ========== EXECUTION MANUAL PUSH 4 SMS ====== <br/>
30/04/2021 07:37:01<br/><br/><br/>


 ========== EXECUTION MANUAL PUSH 4 SMS ====== <br/>
30/04/2021 07:38:01<br/><br/><br/>


 ========== EXECUTION MANUAL PUSH 4 SMS ====== <br/>
30/04/2021 07:39:01<br/><br/><br/>


 ========== EXECUTION MANUAL PUSH 4 SMS ====== <br/>
30/04/2021 07:40:01<br/><br/><br/>


 ========== EXECUTION MANUAL PUSH 4 SMS ====== <br/>
30/04/2021 07:41:01<br/><br/><br/>


 ========== EXECUTION MANUAL PUSH 4 SMS ====== <br/>
30/04/2021 07:42:02<br/><br/><br/>


 ========== EXECUTION MANUAL PUSH 4 SMS ====== <br/>
30/04/2021 07:43:02<br/><br/><br/>


 ========== EXECUTION MANUAL PUSH 4 SMS ====== <br/>
30/04/2021 07:44:02<br/><br/><br/>


 ========== EXECUTION MANUAL PUSH 4 SMS ====== <br/>
30/04/2021 07:45:02<br/><br/><br/>


 ========== EXECUTION MANUAL PUSH 4 SMS ====== <br/>
30/04/2021 07:46:02<br/>
 echo fichier MPUSH non trouve<br/><br/><br/>


 ========== EXECUTION MANUAL PUSH 4 SMS ====== <br/>
30/04/2021 07:47:02<br/><br/><br/>


 ========== EXECUTION MANUAL PUSH 4 SMS ====== <br/>
30/04/2021 07:48:01<br/><br/><br/>


 ========== EXECUTION MANUAL PUSH 4 SMS ====== <br/>
30/04/2021 07:49:02<br/><br/><br/>


 ========== EXECUTION MANUAL PUSH 4 SMS ====== <br/>
30/04/2021 07:50:02<br/><br/><br/>


 ========== EXECUTION MANUAL PUSH 4 SMS ====== <br/>
30/04/2021 07:51:01<br/><br/><br/>


 ========== EXECUTION MANUAL PUSH 4 SMS ====== <br/>
30/04/2021 07:52:01<br/><br/><br/>


 ========== EXECUTION MANUAL PUSH 4 SMS ====== <br/>
30/04/2021 07:53:01<br/><br/><br/>


 ========== EXECUTION MANUAL PUSH 4 SMS ====== <br/>
30/04/2021 07:54:01<br/><br/><br/>


 ========== EXECUTION MANUAL PUSH 4 SMS ====== <br/>
30/04/2021 07:55:02<br/><br/><br/>


 ========== EXECUTION MANUAL PUSH 4 SMS ====== <br/>
30/04/2021 07:56:01<br/><br/><br/>


 ========== EXECUTION MANUAL PUSH 4 SMS ====== <br/>
30/04/2021 07:57:01<br/><br/><br/>


 ========== EXECUTION MANUAL PUSH 4 SMS ====== <br/>
30/04/2021 07:58:01<br/><br/><br/>


 ========== EXECUTION MANUAL PUSH 4 SMS ====== <br/>
30/04/2021 07:59:01<br/>
 echo fichier MPUSH non trouve<br/><br/><br/>


 ========== EXECUTION MANUAL PUSH 4 SMS ====== <br/>
30/04/2021 08:00:02<br/><br/><br/>


 ========== EXECUTION MANUAL PUSH 4 SMS ====== <br/>
30/04/2021 08:01:02<br/><br/><br/>


 ========== EXECUTION MANUAL PUSH 4 SMS ====== <br/>
30/04/2021 08:02:01<br/><br/><br/>


 ========== EXECUTION MANUAL PUSH 4 SMS ====== <br/>
30/04/2021 08:03:01<br/><br/><br/>


 ========== EXECUTION MANUAL PUSH 4 SMS ====== <br/>
30/04/2021 08:04:02<br/><br/><br/>


 ========== EXECUTION MANUAL PUSH 4 SMS ====== <br/>
30/04/2021 08:05:02<br/><br/><br/>


 ========== EXECUTION MANUAL PUSH 4 SMS ====== <br/>
30/04/2021 08:06:02<br/><br/><br/>


 ========== EXECUTION MANUAL PUSH 4 SMS ====== <br/>
30/04/2021 08:07:02<br/><br/><br/>


 ========== EXECUTION MANUAL PUSH 4 SMS ====== <br/>
30/04/2021 08:08:02<br/><br/><br/>


 ========== EXECUTION MANUAL PUSH 4 SMS ====== <br/>
30/04/2021 08:09:01<br/><br/><br/>


 ========== EXECUTION MANUAL PUSH 4 SMS ====== <br/>
30/04/2021 08:10:02<br/><br/><br/>


 ========== EXECUTION MANUAL PUSH 4 SMS ====== <br/>
30/04/2021 08:11:01<br/>
 echo fichier MPUSH non trouve<br/><br/><br/>


 ========== EXECUTION MANUAL PUSH 4 SMS ====== <br/>
30/04/2021 08:12:01<br/><br/><br/>


 ========== EXECUTION MANUAL PUSH 4 SMS ====== <br/>
30/04/2021 08:13:02<br/><br/><br/>


 ========== EXECUTION MANUAL PUSH 4 SMS ====== <br/>
30/04/2021 08:14:01<br/><br/><br/>


 ========== EXECUTION MANUAL PUSH 4 SMS ====== <br/>
30/04/2021 08:15:02<br/><br/><br/>


 ========== EXECUTION MANUAL PUSH 4 SMS ====== <br/>
30/04/2021 08:16:02<br/><br/><br/>


 ========== EXECUTION MANUAL PUSH 4 SMS ====== <br/>
30/04/2021 08:17:02<br/><br/><br/>


 ========== EXECUTION MANUAL PUSH 4 SMS ====== <br/>
30/04/2021 08:18:02<br/><br/><br/>


 ========== EXECUTION MANUAL PUSH 4 SMS ====== <br/>
30/04/2021 08:19:02<br/><br/><br/>


 ========== EXECUTION MANUAL PUSH 4 SMS ====== <br/>
30/04/2021 08:20:01<br/><br/><br/>


 ========== EXECUTION MANUAL PUSH 4 SMS ====== <br/>
30/04/2021 08:21:01<br/><br/><br/>


 ========== EXECUTION MANUAL PUSH 4 SMS ====== <br/>
30/04/2021 08:22:01<br/><br/><br/>


 ========== EXECUTION MANUAL PUSH 4 SMS ====== <br/>
30/04/2021 08:23:01<br/><br/><br/>


 ========== EXECUTION MANUAL PUSH 4 SMS ====== <br/>
30/04/2021 08:24:01<br/>
 echo fichier MPUSH non trouve<br/><br/><br/>


 ========== EXECUTION MANUAL PUSH 4 SMS ====== <br/>
30/04/2021 08:25:01<br/><br/><br/>


 ========== EXECUTION MANUAL PUSH 4 SMS ====== <br/>
30/04/2021 08:26:01<br/><br/><br/>


 ========== EXECUTION MANUAL PUSH 4 SMS ====== <br/>
30/04/2021 08:27:02<br/><br/><br/>


 ========== EXECUTION MANUAL PUSH 4 SMS ====== <br/>
30/04/2021 08:28:02<br/><br/><br/>


 ========== EXECUTION MANUAL PUSH 4 SMS ====== <br/>
30/04/2021 08:29:01<br/><br/><br/>


 ========== EXECUTION MANUAL PUSH 4 SMS ====== <br/>
30/04/2021 08:30:01<br/><br/><br/>


 ========== EXECUTION MANUAL PUSH 4 SMS ====== <br/>
30/04/2021 08:31:01<br/><br/><br/>


 ========== EXECUTION MANUAL PUSH 4 SMS ====== <br/>
30/04/2021 08:32:01<br/><br/><br/>


 ========== EXECUTION MANUAL PUSH 4 SMS ====== <br/>
30/04/2021 08:33:01<br/><br/><br/>


 ========== EXECUTION MANUAL PUSH 4 SMS ====== <br/>
30/04/2021 08:34:01<br/><br/><br/>


 ========== EXECUTION MANUAL PUSH 4 SMS ====== <br/>
30/04/2021 08:35:02<br/><br/><br/>


 ========== EXECUTION MANUAL PUSH 4 SMS ====== <br/>
30/04/2021 08:36:02<br/><br/><br/>


 ========== EXECUTION MANUAL PUSH 4 SMS ====== <br/>
30/04/2021 08:37:01<br/>
 echo fichier MPUSH non trouve<br/><br/><br/>


 ========== EXECUTION MANUAL PUSH 4 SMS ====== <br/>
30/04/2021 08:38:01<br/><br/><br/>


 ========== EXECUTION MANUAL PUSH 4 SMS ====== <br/>
30/04/2021 08:39:02<br/><br/><br/>


 ========== EXECUTION MANUAL PUSH 4 SMS ====== <br/>
30/04/2021 08:40:01<br/><br/><br/>


 ========== EXECUTION MANUAL PUSH 4 SMS ====== <br/>
30/04/2021 08:41:01<br/><br/><br/>


 ========== EXECUTION MANUAL PUSH 4 SMS ====== <br/>
30/04/2021 08:42:01<br/><br/><br/>


 ========== EXECUTION MANUAL PUSH 4 SMS ====== <br/>
30/04/2021 08:43:02<br/><br/><br/>


 ========== EXECUTION MANUAL PUSH 4 SMS ====== <br/>
30/04/2021 08:44:01<br/><br/><br/>


 ========== EXECUTION MANUAL PUSH 4 SMS ====== <br/>
30/04/2021 08:45:01<br/><br/><br/>


 ========== EXECUTION MANUAL PUSH 4 SMS ====== <br/>
30/04/2021 08:46:01<br/><br/><br/>


 ========== EXECUTION MANUAL PUSH 4 SMS ====== <br/>
30/04/2021 08:47:01<br/><br/><br/>


 ========== EXECUTION MANUAL PUSH 4 SMS ====== <br/>
30/04/2021 08:48:02<br/><br/><br/>


 ========== EXECUTION MANUAL PUSH 4 SMS ====== <br/>
30/04/2021 08:49:02<br/><br/><br/>


 ========== EXECUTION MANUAL PUSH 4 SMS ====== <br/>
30/04/2021 08:50:02<br/>
 echo fichier MPUSH non trouve<br/><br/><br/>


 ========== EXECUTION MANUAL PUSH 4 SMS ====== <br/>
30/04/2021 08:51:02<br/><br/><br/>


 ========== EXECUTION MANUAL PUSH 4 SMS ====== <br/>
30/04/2021 08:52:02<br/><br/><br/>


 ========== EXECUTION MANUAL PUSH 4 SMS ====== <br/>
30/04/2021 08:53:02<br/><br/><br/>


 ========== EXECUTION MANUAL PUSH 4 SMS ====== <br/>
30/04/2021 08:54:02<br/><br/><br/>


 ========== EXECUTION MANUAL PUSH 4 SMS ====== <br/>
30/04/2021 08:55:01<br/><br/><br/>


 ========== EXECUTION MANUAL PUSH 4 SMS ====== <br/>
30/04/2021 08:56:02<br/><br/><br/>


 ========== EXECUTION MANUAL PUSH 4 SMS ====== <br/>
30/04/2021 08:57:02<br/><br/><br/>


 ========== EXECUTION MANUAL PUSH 4 SMS ====== <br/>
30/04/2021 08:58:01<br/><br/><br/>


 ========== EXECUTION MANUAL PUSH 4 SMS ====== <br/>
30/04/2021 08:59:01<br/><br/><br/>


 ========== EXECUTION MANUAL PUSH 4 SMS ====== <br/>
30/04/2021 09:00:01<br/><br/><br/>


 ========== EXECUTION MANUAL PUSH 4 SMS ====== <br/>
30/04/2021 09:01:02<br/><br/><br/>


 ========== EXECUTION MANUAL PUSH 4 SMS ====== <br/>
30/04/2021 09:02:02<br/><br/><br/>


 ========== EXECUTION MANUAL PUSH 4 SMS ====== <br/>
30/04/2021 09:03:01<br/>
 echo fichier MPUSH non trouve<br/><br/><br/>


 ========== EXECUTION MANUAL PUSH 4 SMS ====== <br/>
30/04/2021 09:04:01<br/><br/><br/>


 ========== EXECUTION MANUAL PUSH 4 SMS ====== <br/>
30/04/2021 09:05:02<br/><br/><br/>


 ========== EXECUTION MANUAL PUSH 4 SMS ====== <br/>
30/04/2021 09:06:01<br/><br/><br/>


 ========== EXECUTION MANUAL PUSH 4 SMS ====== <br/>
30/04/2021 09:07:01<br/><br/><br/>


 ========== EXECUTION MANUAL PUSH 4 SMS ====== <br/>
30/04/2021 09:08:02<br/><br/><br/>


 ========== EXECUTION MANUAL PUSH 4 SMS ====== <br/>
30/04/2021 09:09:02<br/><br/><br/>


 ========== EXECUTION MANUAL PUSH 4 SMS ====== <br/>
30/04/2021 09:10:01<br/><br/><br/>


 ========== EXECUTION MANUAL PUSH 4 SMS ====== <br/>
30/04/2021 09:11:01<br/><br/><br/>


 ========== EXECUTION MANUAL PUSH 4 SMS ====== <br/>
30/04/2021 09:12:01<br/><br/><br/>


 ========== EXECUTION MANUAL PUSH 4 SMS ====== <br/>
30/04/2021 09:13:02<br/><br/><br/>


 ========== EXECUTION MANUAL PUSH 4 SMS ====== <br/>
30/04/2021 09:14:01<br/><br/><br/>


 ========== EXECUTION MANUAL PUSH 4 SMS ====== <br/>
30/04/2021 09:15:02<br/><br/><br/>


 ========== EXECUTION MANUAL PUSH 4 SMS ====== <br/>
30/04/2021 09:16:02<br/>
 echo fichier MPUSH non trouve<br/><br/><br/>


 ========== EXECUTION MANUAL PUSH 4 SMS ====== <br/>
30/04/2021 09:17:02<br/><br/><br/>


 ========== EXECUTION MANUAL PUSH 4 SMS ====== <br/>
30/04/2021 09:18:01<br/><br/><br/>


 ========== EXECUTION MANUAL PUSH 4 SMS ====== <br/>
30/04/2021 09:19:01<br/><br/><br/>


 ========== EXECUTION MANUAL PUSH 4 SMS ====== <br/>
30/04/2021 09:20:01<br/><br/><br/>


 ========== EXECUTION MANUAL PUSH 4 SMS ====== <br/>
30/04/2021 09:21:02<br/><br/><br/>


 ========== EXECUTION MANUAL PUSH 4 SMS ====== <br/>
30/04/2021 09:22:01<br/><br/><br/>


 ========== EXECUTION MANUAL PUSH 4 SMS ====== <br/>
30/04/2021 09:23:01<br/><br/><br/>


 ========== EXECUTION MANUAL PUSH 4 SMS ====== <br/>
30/04/2021 09:24:01<br/><br/><br/>


 ========== EXECUTION MANUAL PUSH 4 SMS ====== <br/>
30/04/2021 09:25:01<br/><br/><br/>


 ========== EXECUTION MANUAL PUSH 4 SMS ====== <br/>
30/04/2021 09:26:01<br/><br/><br/>


 ========== EXECUTION MANUAL PUSH 4 SMS ====== <br/>
30/04/2021 09:27:01<br/><br/><br/>


 ========== EXECUTION MANUAL PUSH 4 SMS ====== <br/>
30/04/2021 09:28:02<br/>
 echo fichier MPUSH non trouve<br/><br/><br/>


 ========== EXECUTION MANUAL PUSH 4 SMS ====== <br/>
30/04/2021 09:29:02<br/><br/><br/>


 ========== EXECUTION MANUAL PUSH 4 SMS ====== <br/>
30/04/2021 09:30:01<br/><br/><br/>


 ========== EXECUTION MANUAL PUSH 4 SMS ====== <br/>
30/04/2021 09:31:01<br/><br/><br/>


 ========== EXECUTION MANUAL PUSH 4 SMS ====== <br/>
30/04/2021 09:32:02<br/><br/><br/>


 ========== EXECUTION MANUAL PUSH 4 SMS ====== <br/>
30/04/2021 09:33:02<br/><br/><br/>


 ========== EXECUTION MANUAL PUSH 4 SMS ====== <br/>
30/04/2021 09:34:01<br/><br/><br/>


 ========== EXECUTION MANUAL PUSH 4 SMS ====== <br/>
30/04/2021 09:35:01<br/><br/><br/>


 ========== EXECUTION MANUAL PUSH 4 SMS ====== <br/>
30/04/2021 09:36:01<br/><br/><br/>


 ========== EXECUTION MANUAL PUSH 4 SMS ====== <br/>
30/04/2021 09:37:01<br/><br/><br/>


 ========== EXECUTION MANUAL PUSH 4 SMS ====== <br/>
30/04/2021 09:38:01<br/><br/><br/>


 ========== EXECUTION MANUAL PUSH 4 SMS ====== <br/>
30/04/2021 09:39:02<br/><br/><br/>


 ========== EXECUTION MANUAL PUSH 4 SMS ====== <br/>
30/04/2021 09:40:01<br/><br/><br/>


 ========== EXECUTION MANUAL PUSH 4 SMS ====== <br/>
30/04/2021 09:41:01<br/>
 echo fichier MPUSH non trouve<br/><br/><br/>


 ========== EXECUTION MANUAL PUSH 4 SMS ====== <br/>
30/04/2021 09:42:01<br/><br/><br/>


 ========== EXECUTION MANUAL PUSH 4 SMS ====== <br/>
30/04/2021 09:43:02<br/><br/><br/>


 ========== EXECUTION MANUAL PUSH 4 SMS ====== <br/>
30/04/2021 09:44:01<br/><br/><br/>


 ========== EXECUTION MANUAL PUSH 4 SMS ====== <br/>
30/04/2021 09:45:02<br/><br/><br/>


 ========== EXECUTION MANUAL PUSH 4 SMS ====== <br/>
30/04/2021 09:46:01<br/><br/><br/>


 ========== EXECUTION MANUAL PUSH 4 SMS ====== <br/>
30/04/2021 09:47:02<br/><br/><br/>


 ========== EXECUTION MANUAL PUSH 4 SMS ====== <br/>
30/04/2021 09:48:01<br/><br/><br/>


 ========== EXECUTION MANUAL PUSH 4 SMS ====== <br/>
30/04/2021 09:49:01<br/><br/><br/>


 ========== EXECUTION MANUAL PUSH 4 SMS ====== <br/>
30/04/2021 09:50:01<br/><br/><br/>


 ========== EXECUTION MANUAL PUSH 4 SMS ====== <br/>
30/04/2021 09:51:01<br/><br/><br/>


 ========== EXECUTION MANUAL PUSH 4 SMS ====== <br/>
30/04/2021 09:52:01<br/><br/><br/>


 ========== EXECUTION MANUAL PUSH 4 SMS ====== <br/>
30/04/2021 09:53:02<br/><br/><br/>


 ========== EXECUTION MANUAL PUSH 4 SMS ====== <br/>
30/04/2021 09:54:02<br/>
 echo fichier MPUSH non trouve<br/><br/><br/>


 ========== EXECUTION MANUAL PUSH 4 SMS ====== <br/>
30/04/2021 09:55:02<br/><br/><br/>


 ========== EXECUTION MANUAL PUSH 4 SMS ====== <br/>
30/04/2021 09:56:01<br/><br/><br/>


 ========== EXECUTION MANUAL PUSH 4 SMS ====== <br/>
30/04/2021 09:57:01<br/><br/><br/>


 ========== EXECUTION MANUAL PUSH 4 SMS ====== <br/>
30/04/2021 09:58:01<br/><br/><br/>


 ========== EXECUTION MANUAL PUSH 4 SMS ====== <br/>
30/04/2021 09:59:02<br/><br/><br/>


 ========== EXECUTION MANUAL PUSH 4 SMS ====== <br/>
30/04/2021 10:00:02<br/><br/><br/>


 ========== EXECUTION MANUAL PUSH 4 SMS ====== <br/>
30/04/2021 10:01:02<br/><br/><br/>


 ========== EXECUTION MANUAL PUSH 4 SMS ====== <br/>
30/04/2021 10:02:02<br/><br/><br/>


 ========== EXECUTION MANUAL PUSH 4 SMS ====== <br/>
30/04/2021 10:03:01<br/><br/><br/>


 ========== EXECUTION MANUAL PUSH 4 SMS ====== <br/>
30/04/2021 10:04:01<br/><br/><br/>


 ========== EXECUTION MANUAL PUSH 4 SMS ====== <br/>
30/04/2021 10:05:02<br/><br/><br/>


 ========== EXECUTION MANUAL PUSH 4 SMS ====== <br/>
30/04/2021 10:06:01<br/>
 echo fichier MPUSH non trouve<br/><br/><br/>


 ========== EXECUTION MANUAL PUSH 4 SMS ====== <br/>
30/04/2021 10:07:01<br/><br/><br/>


 ========== EXECUTION MANUAL PUSH 4 SMS ====== <br/>
30/04/2021 10:08:01<br/><br/><br/>


 ========== EXECUTION MANUAL PUSH 4 SMS ====== <br/>
30/04/2021 10:09:01<br/><br/><br/>


 ========== EXECUTION MANUAL PUSH 4 SMS ====== <br/>
30/04/2021 10:10:02<br/><br/><br/>


 ========== EXECUTION MANUAL PUSH 4 SMS ====== <br/>
30/04/2021 10:11:02<br/><br/><br/>


 ========== EXECUTION MANUAL PUSH 4 SMS ====== <br/>
30/04/2021 10:12:01<br/><br/><br/>


 ========== EXECUTION MANUAL PUSH 4 SMS ====== <br/>
30/04/2021 10:13:01<br/><br/><br/>


 ========== EXECUTION MANUAL PUSH 4 SMS ====== <br/>
30/04/2021 10:14:01<br/><br/><br/>


 ========== EXECUTION MANUAL PUSH 4 SMS ====== <br/>
30/04/2021 10:15:02<br/><br/><br/>


 ========== EXECUTION MANUAL PUSH 4 SMS ====== <br/>
30/04/2021 10:16:02<br/><br/><br/>


 ========== EXECUTION MANUAL PUSH 4 SMS ====== <br/>
30/04/2021 10:17:01<br/><br/><br/>


 ========== EXECUTION MANUAL PUSH 4 SMS ====== <br/>
30/04/2021 10:18:01<br/><br/><br/>


 ========== EXECUTION MANUAL PUSH 4 SMS ====== <br/>
30/04/2021 10:19:02<br/>
 echo fichier MPUSH non trouve<br/><br/><br/>


 ========== EXECUTION MANUAL PUSH 4 SMS ====== <br/>
30/04/2021 10:20:02<br/><br/><br/>


 ========== EXECUTION MANUAL PUSH 4 SMS ====== <br/>
30/04/2021 10:21:01<br/><br/><br/>


 ========== EXECUTION MANUAL PUSH 4 SMS ====== <br/>
30/04/2021 10:22:01<br/><br/><br/>


 ========== EXECUTION MANUAL PUSH 4 SMS ====== <br/>
30/04/2021 10:23:02<br/><br/><br/>


 ========== EXECUTION MANUAL PUSH 4 SMS ====== <br/>
30/04/2021 10:24:02<br/><br/><br/>


 ========== EXECUTION MANUAL PUSH 4 SMS ====== <br/>
30/04/2021 10:25:01<br/><br/><br/>


 ========== EXECUTION MANUAL PUSH 4 SMS ====== <br/>
30/04/2021 10:26:01<br/><br/><br/>


 ========== EXECUTION MANUAL PUSH 4 SMS ====== <br/>
30/04/2021 10:27:02<br/><br/><br/>


 ========== EXECUTION MANUAL PUSH 4 SMS ====== <br/>
30/04/2021 10:28:01<br/><br/><br/>


 ========== EXECUTION MANUAL PUSH 4 SMS ====== <br/>
30/04/2021 10:29:01<br/><br/><br/>


 ========== EXECUTION MANUAL PUSH 4 SMS ====== <br/>
30/04/2021 10:30:01<br/><br/><br/>


 ========== EXECUTION MANUAL PUSH 4 SMS ====== <br/>
30/04/2021 10:31:01<br/>
 echo fichier MPUSH non trouve<br/><br/><br/>


 ========== EXECUTION MANUAL PUSH 4 SMS ====== <br/>
30/04/2021 10:32:01<br/><br/><br/>


 ========== EXECUTION MANUAL PUSH 4 SMS ====== <br/>
30/04/2021 10:33:01<br/><br/><br/>


 ========== EXECUTION MANUAL PUSH 4 SMS ====== <br/>
30/04/2021 10:34:02<br/><br/><br/>


 ========== EXECUTION MANUAL PUSH 4 SMS ====== <br/>
30/04/2021 10:35:02<br/><br/><br/>


 ========== EXECUTION MANUAL PUSH 4 SMS ====== <br/>
30/04/2021 10:36:01<br/><br/><br/>


 ========== EXECUTION MANUAL PUSH 4 SMS ====== <br/>
30/04/2021 10:37:01<br/><br/><br/>


 ========== EXECUTION MANUAL PUSH 4 SMS ====== <br/>
30/04/2021 10:38:01<br/><br/><br/>


 ========== EXECUTION MANUAL PUSH 4 SMS ====== <br/>
30/04/2021 10:39:02<br/><br/><br/>


 ========== EXECUTION MANUAL PUSH 4 SMS ====== <br/>
30/04/2021 10:40:02<br/><br/><br/>


 ========== EXECUTION MANUAL PUSH 4 SMS ====== <br/>
30/04/2021 10:41:02<br/><br/><br/>


 ========== EXECUTION MANUAL PUSH 4 SMS ====== <br/>
30/04/2021 10:42:02<br/><br/><br/>


 ========== EXECUTION MANUAL PUSH 4 SMS ====== <br/>
30/04/2021 10:43:01<br/><br/><br/>


 ========== EXECUTION MANUAL PUSH 4 SMS ====== <br/>
30/04/2021 10:44:02<br/>
 echo fichier MPUSH non trouve<br/><br/><br/>


 ========== EXECUTION MANUAL PUSH 4 SMS ====== <br/>
30/04/2021 10:45:02<br/><br/><br/>


 ========== EXECUTION MANUAL PUSH 4 SMS ====== <br/>
30/04/2021 10:46:01<br/><br/><br/>


 ========== EXECUTION MANUAL PUSH 4 SMS ====== <br/>
30/04/2021 10:47:01<br/><br/><br/>


 ========== EXECUTION MANUAL PUSH 4 SMS ====== <br/>
30/04/2021 10:48:02<br/><br/><br/>


 ========== EXECUTION MANUAL PUSH 4 SMS ====== <br/>
30/04/2021 10:49:01<br/><br/><br/>


 ========== EXECUTION MANUAL PUSH 4 SMS ====== <br/>
30/04/2021 10:50:01<br/><br/><br/>


 ========== EXECUTION MANUAL PUSH 4 SMS ====== <br/>
30/04/2021 10:51:01<br/><br/><br/>


 ========== EXECUTION MANUAL PUSH 4 SMS ====== <br/>
30/04/2021 10:52:02<br/><br/><br/>


 ========== EXECUTION MANUAL PUSH 4 SMS ====== <br/>
30/04/2021 10:53:02<br/><br/><br/>


 ========== EXECUTION MANUAL PUSH 4 SMS ====== <br/>
30/04/2021 10:54:01<br/><br/><br/>


 ========== EXECUTION MANUAL PUSH 4 SMS ====== <br/>
30/04/2021 10:55:01<br/><br/><br/>


 ========== EXECUTION MANUAL PUSH 4 SMS ====== <br/>
30/04/2021 10:56:02<br/>
 echo fichier MPUSH non trouve<br/><br/><br/>


 ========== EXECUTION MANUAL PUSH 4 SMS ====== <br/>
30/04/2021 10:57:02<br/><br/><br/>


 ========== EXECUTION MANUAL PUSH 4 SMS ====== <br/>
30/04/2021 10:58:02<br/><br/><br/>


 ========== EXECUTION MANUAL PUSH 4 SMS ====== <br/>
30/04/2021 10:59:02<br/><br/><br/>


 ========== EXECUTION MANUAL PUSH 4 SMS ====== <br/>
30/04/2021 11:00:01<br/><br/><br/>


 ========== EXECUTION MANUAL PUSH 4 SMS ====== <br/>
30/04/2021 11:01:02<br/><br/><br/>


 ========== EXECUTION MANUAL PUSH 4 SMS ====== <br/>
30/04/2021 11:02:01<br/><br/><br/>


 ========== EXECUTION MANUAL PUSH 4 SMS ====== <br/>
30/04/2021 11:03:02<br/><br/><br/>


 ========== EXECUTION MANUAL PUSH 4 SMS ====== <br/>
30/04/2021 11:04:01<br/><br/><br/>


 ========== EXECUTION MANUAL PUSH 4 SMS ====== <br/>
30/04/2021 11:05:01<br/><br/><br/>


 ========== EXECUTION MANUAL PUSH 4 SMS ====== <br/>
30/04/2021 11:06:02<br/><br/><br/>


 ========== EXECUTION MANUAL PUSH 4 SMS ====== <br/>
30/04/2021 11:07:01<br/><br/><br/>


 ========== EXECUTION MANUAL PUSH 4 SMS ====== <br/>
30/04/2021 11:08:01<br/><br/><br/>


 ========== EXECUTION MANUAL PUSH 4 SMS ====== <br/>
30/04/2021 11:09:02<br/>
 echo fichier MPUSH non trouve<br/><br/><br/>


 ========== EXECUTION MANUAL PUSH 4 SMS ====== <br/>
30/04/2021 11:10:02<br/><br/><br/>


 ========== EXECUTION MANUAL PUSH 4 SMS ====== <br/>
30/04/2021 11:11:02<br/><br/><br/>


 ========== EXECUTION MANUAL PUSH 4 SMS ====== <br/>
30/04/2021 11:12:01<br/><br/><br/>


 ========== EXECUTION MANUAL PUSH 4 SMS ====== <br/>
30/04/2021 11:13:01<br/><br/><br/>


 ========== EXECUTION MANUAL PUSH 4 SMS ====== <br/>
30/04/2021 11:14:01<br/><br/><br/>


 ========== EXECUTION MANUAL PUSH 4 SMS ====== <br/>
30/04/2021 11:15:01<br/><br/><br/>


 ========== EXECUTION MANUAL PUSH 4 SMS ====== <br/>
30/04/2021 11:16:02<br/><br/><br/>


 ========== EXECUTION MANUAL PUSH 4 SMS ====== <br/>
30/04/2021 11:17:02<br/><br/><br/>


 ========== EXECUTION MANUAL PUSH 4 SMS ====== <br/>
30/04/2021 11:18:05<br/><br/><br/>


 ========== EXECUTION MANUAL PUSH 4 SMS ====== <br/>
30/04/2021 11:19:07<br/><br/><br/>


 ========== EXECUTION MANUAL PUSH 4 SMS ====== <br/>
30/04/2021 11:20:01<br/><br/><br/>


 ========== EXECUTION MANUAL PUSH 4 SMS ====== <br/>
30/04/2021 11:21:03<br/>
 echo fichier MPUSH non trouve<br/><br/><br/>


 ========== EXECUTION MANUAL PUSH 4 SMS ====== <br/>
30/04/2021 11:22:02<br/><br/><br/>


 ========== EXECUTION MANUAL PUSH 4 SMS ====== <br/>
30/04/2021 11:23:01<br/><br/><br/>


 ========== EXECUTION MANUAL PUSH 4 SMS ====== <br/>
30/04/2021 11:24:01<br/><br/><br/>


 ========== EXECUTION MANUAL PUSH 4 SMS ====== <br/>
30/04/2021 11:25:02<br/><br/><br/>


 ========== EXECUTION MANUAL PUSH 4 SMS ====== <br/>
30/04/2021 11:26:01<br/><br/><br/>


 ========== EXECUTION MANUAL PUSH 4 SMS ====== <br/>
30/04/2021 11:27:01<br/><br/><br/>


 ========== EXECUTION MANUAL PUSH 4 SMS ====== <br/>
30/04/2021 11:28:02<br/><br/><br/>


 ========== EXECUTION MANUAL PUSH 4 SMS ====== <br/>
30/04/2021 11:29:02<br/><br/><br/>


 ========== EXECUTION MANUAL PUSH 4 SMS ====== <br/>
30/04/2021 11:30:01<br/><br/><br/>


 ========== EXECUTION MANUAL PUSH 4 SMS ====== <br/>
30/04/2021 11:31:01<br/><br/><br/>


 ========== EXECUTION MANUAL PUSH 4 SMS ====== <br/>
30/04/2021 11:32:02<br/><br/><br/>


 ========== EXECUTION MANUAL PUSH 4 SMS ====== <br/>
30/04/2021 11:33:01<br/><br/><br/>


 ========== EXECUTION MANUAL PUSH 4 SMS ====== <br/>
30/04/2021 11:34:01<br/>
 echo fichier MPUSH non trouve<br/><br/><br/>


 ========== EXECUTION MANUAL PUSH 4 SMS ====== <br/>
30/04/2021 11:35:01<br/>
 echo fichier MPUSH non trouve<br/><br/><br/>


 ========== EXECUTION MANUAL PUSH 4 SMS ====== <br/>
30/04/2021 11:36:01<br/><br/><br/>


 ========== EXECUTION MANUAL PUSH 4 SMS ====== <br/>
30/04/2021 11:37:01<br/><br/><br/>


 ========== EXECUTION MANUAL PUSH 4 SMS ====== <br/>
30/04/2021 11:38:02<br/><br/><br/>


 ========== EXECUTION MANUAL PUSH 4 SMS ====== <br/>
30/04/2021 11:39:02<br/><br/><br/>


 ========== EXECUTION MANUAL PUSH 4 SMS ====== <br/>
30/04/2021 11:40:02<br/><br/><br/>


 ========== EXECUTION MANUAL PUSH 4 SMS ====== <br/>
30/04/2021 11:41:01<br/><br/><br/>


 ========== EXECUTION MANUAL PUSH 4 SMS ====== <br/>
30/04/2021 11:42:01<br/><br/><br/>


 ========== EXECUTION MANUAL PUSH 4 SMS ====== <br/>
30/04/2021 11:43:01<br/><br/><br/>


 ========== EXECUTION MANUAL PUSH 4 SMS ====== <br/>
30/04/2021 11:44:01<br/><br/><br/>


 ========== EXECUTION MANUAL PUSH 4 SMS ====== <br/>
30/04/2021 11:45:02<br/><br/><br/>


 ========== EXECUTION MANUAL PUSH 4 SMS ====== <br/>
30/04/2021 11:46:02<br/><br/><br/>


 ========== EXECUTION MANUAL PUSH 4 SMS ====== <br/>
30/04/2021 11:47:02<br/>
 echo fichier MPUSH non trouve<br/><br/><br/>


 ========== EXECUTION MANUAL PUSH 4 SMS ====== <br/>
30/04/2021 11:48:01<br/>
 echo fichier MPUSH non trouve<br/><br/><br/>


 ========== EXECUTION MANUAL PUSH 4 SMS ====== <br/>
30/04/2021 11:49:01<br/><br/><br/>


 ========== EXECUTION MANUAL PUSH 4 SMS ====== <br/>
30/04/2021 11:50:02<br/><br/><br/>


 ========== EXECUTION MANUAL PUSH 4 SMS ====== <br/>
30/04/2021 11:51:01<br/><br/><br/>


 ========== EXECUTION MANUAL PUSH 4 SMS ====== <br/>
30/04/2021 11:52:01<br/><br/><br/>


 ========== EXECUTION MANUAL PUSH 4 SMS ====== <br/>
30/04/2021 11:53:01<br/><br/><br/>


 ========== EXECUTION MANUAL PUSH 4 SMS ====== <br/>
30/04/2021 11:54:02<br/><br/><br/>


 ========== EXECUTION MANUAL PUSH 4 SMS ====== <br/>
30/04/2021 11:55:01<br/><br/><br/>


 ========== EXECUTION MANUAL PUSH 4 SMS ====== <br/>
30/04/2021 11:56:01<br/><br/><br/>


 ========== EXECUTION MANUAL PUSH 4 SMS ====== <br/>
30/04/2021 11:57:02<br/><br/><br/>


 ========== EXECUTION MANUAL PUSH 4 SMS ====== <br/>
30/04/2021 11:58:02<br/><br/><br/>


 ========== EXECUTION MANUAL PUSH 4 SMS ====== <br/>
30/04/2021 11:59:01<br/>
 echo fichier MPUSH non trouve